<?xml version="1.0" encoding="UTF-8"?>
<testng-results skipped="10" failed="17" ignored="0" total="385" passed="358">
  <reporter-output>
  </reporter-output>
  <suite name="Suite" duration-ms="1891416" started-at="2022-02-17T14:04:21 CST" finished-at="2022-02-17T14:35:52 CST">
    <groups>
    </groups>
    <test name="Test" duration-ms="1891416" started-at="2022-02-17T14:04:21 CST" finished-at="2022-02-17T14:35:52 CST">
      <class name="com.orangeHRM.qa.testcases.AttendancePageTest">
        <test-method status="PASS" signature="initialise()[pri:0, instance:com.orangeHRM.qa.testcases.AttendancePageTest@159f197]" name="initialise" is-config="true" duration-ms="1544" started-at="2022-02-17T14:14:57 CST" finished-at="2022-02-17T14:14:58 CST">
          <reporter-output>
          </reporter-output>
        </test-method> <!-- initialise -->
        <test-method status="PASS" signature="loadUrl()[pri:0, instance:com.orangeHRM.qa.testcases.AttendancePageTest@159f197]" name="loadUrl" is-config="true" duration-ms="1125" started-at="2022-02-17T14:14:58 CST" finished-at="2022-02-17T14:15:00 CST">
          <reporter-output>
          </reporter-output>
        </test-method> <!-- loadUrl -->
        <test-method status="PASS" signature="verifyAttendancePageNavigation()[pri:0, instance:com.orangeHRM.qa.testcases.AttendancePageTest@159f197]" name="verifyAttendancePageNavigation" is-config="true" duration-ms="3112" started-at="2022-02-17T14:15:00 CST" finished-at="2022-02-17T14:15:03 CST">
          <reporter-output>
          </reporter-output>
        </test-method> <!-- verifyAttendancePageNavigation -->
        <test-method status="PASS" signature="testcontext(org.testng.ITestContext)[pri:0, instance:com.orangeHRM.qa.testcases.AttendancePageTest@159f197]" name="testcontext" is-config="true" duration-ms="0" started-at="2022-02-17T14:15:00 CST" finished-at="2022-02-17T14:15:00 CST">
          <params>
            <param index="0">
              <value>
                <![CDATA[org.testng.TestRunner@7a48e6e2]]>
              </value>
            </param>
          </params>
          <reporter-output>
          </reporter-output>
        </test-method> <!-- testcontext -->
        <test-method status="PASS" signature="validatingAttendanceSubMenuDisplay()[pri:2, instance:com.orangeHRM.qa.testcases.AttendancePageTest@159f197]" name="validatingAttendanceSubMenuDisplay" duration-ms="477" started-at="2022-02-17T14:15:03 CST" finished-at="2022-02-17T14:15:03 CST">
          <reporter-output>
          </reporter-output>
        </test-method> <!-- validatingAttendanceSubMenuDisplay -->
        <test-method status="PASS" signature="attendanceTesting()[pri:3, instance:com.orangeHRM.qa.testcases.AttendancePageTest@159f197]" name="attendanceTesting" duration-ms="0" started-at="2022-02-17T14:15:03 CST" finished-at="2022-02-17T14:15:03 CST">
          <reporter-output>
          </reporter-output>
        </test-method> <!-- attendanceTesting -->
        <test-method status="PASS" signature="close()[pri:0, instance:com.orangeHRM.qa.testcases.AttendancePageTest@159f197]" name="close" is-config="true" duration-ms="101" started-at="2022-02-17T14:15:03 CST" finished-at="2022-02-17T14:15:03 CST">
          <reporter-output>
          </reporter-output>
        </test-method> <!-- close -->
      </class> <!-- com.orangeHRM.qa.testcases.AttendancePageTest -->
      <class name="com.orangeHRM.qa.testcases.HolidaysPageTest">
        <test-method status="PASS" signature="initialise()[pri:0, instance:com.orangeHRM.qa.testcases.HolidaysPageTest@7f010382]" name="initialise" is-config="true" duration-ms="1666" started-at="2022-02-17T14:19:48 CST" finished-at="2022-02-17T14:19:49 CST">
          <reporter-output>
          </reporter-output>
        </test-method> <!-- initialise -->
        <test-method status="PASS" signature="loadUrl()[pri:0, instance:com.orangeHRM.qa.testcases.HolidaysPageTest@7f010382]" name="loadUrl" is-config="true" duration-ms="1070" started-at="2022-02-17T14:19:49 CST" finished-at="2022-02-17T14:19:50 CST">
          <reporter-output>
          </reporter-output>
        </test-method> <!-- loadUrl -->
        <test-method status="PASS" signature="verifyHolidaysPageNavigation()[pri:0, instance:com.orangeHRM.qa.testcases.HolidaysPageTest@7f010382]" name="verifyHolidaysPageNavigation" is-config="true" duration-ms="4325" started-at="2022-02-17T14:19:50 CST" finished-at="2022-02-17T14:19:55 CST">
          <reporter-output>
          </reporter-output>
        </test-method> <!-- verifyHolidaysPageNavigation -->
        <test-method status="PASS" signature="testcontext(org.testng.ITestContext)[pri:0, instance:com.orangeHRM.qa.testcases.HolidaysPageTest@7f010382]" name="testcontext" is-config="true" duration-ms="0" started-at="2022-02-17T14:19:50 CST" finished-at="2022-02-17T14:19:50 CST">
          <params>
            <param index="0">
              <value>
                <![CDATA[org.testng.TestRunner@7a48e6e2]]>
              </value>
            </param>
          </params>
          <reporter-output>
          </reporter-output>
        </test-method> <!-- testcontext -->
        <test-method status="PASS" signature="holidaysTesting()[pri:4, instance:com.orangeHRM.qa.testcases.HolidaysPageTest@7f010382]" name="holidaysTesting" duration-ms="0" started-at="2022-02-17T14:19:55 CST" finished-at="2022-02-17T14:19:55 CST">
          <reporter-output>
          </reporter-output>
        </test-method> <!-- holidaysTesting -->
        <test-method status="PASS" signature="close()[pri:0, instance:com.orangeHRM.qa.testcases.HolidaysPageTest@7f010382]" name="close" is-config="true" duration-ms="100" started-at="2022-02-17T14:19:55 CST" finished-at="2022-02-17T14:19:55 CST">
          <reporter-output>
          </reporter-output>
        </test-method> <!-- close -->
      </class> <!-- com.orangeHRM.qa.testcases.HolidaysPageTest -->
      <class name="com.orangeHRM.qa.testcases.ReportToPageTest">
        <test-method status="PASS" signature="initialise()[pri:0, instance:com.orangeHRM.qa.testcases.ReportToPageTest@79b06cab]" name="initialise" is-config="true" duration-ms="1683" started-at="2022-02-17T14:27:34 CST" finished-at="2022-02-17T14:27:35 CST">
          <reporter-output>
          </reporter-output>
        </test-method> <!-- initialise -->
        <test-method status="PASS" signature="loadUrl()[pri:0, instance:com.orangeHRM.qa.testcases.ReportToPageTest@79b06cab]" name="loadUrl" is-config="true" duration-ms="1087" started-at="2022-02-17T14:27:35 CST" finished-at="2022-02-17T14:27:36 CST">
          <reporter-output>
          </reporter-output>
        </test-method> <!-- loadUrl -->
        <test-method status="PASS" signature="verifyReportToMyInfoPageNavigation()[pri:0, instance:com.orangeHRM.qa.testcases.ReportToPageTest@79b06cab]" name="verifyReportToMyInfoPageNavigation" is-config="true" duration-ms="4422" started-at="2022-02-17T14:27:36 CST" finished-at="2022-02-17T14:27:41 CST">
          <reporter-output>
          </reporter-output>
        </test-method> <!-- verifyReportToMyInfoPageNavigation -->
        <test-method status="PASS" signature="testcontext(org.testng.ITestContext)[pri:0, instance:com.orangeHRM.qa.testcases.ReportToPageTest@79b06cab]" name="testcontext" is-config="true" duration-ms="0" started-at="2022-02-17T14:27:36 CST" finished-at="2022-02-17T14:27:36 CST">
          <params>
            <param index="0">
              <value>
                <![CDATA[org.testng.TestRunner@7a48e6e2]]>
              </value>
            </param>
          </params>
          <reporter-output>
          </reporter-output>
        </test-method> <!-- testcontext -->
        <test-method status="PASS" signature="validateReportToButton_bgcolor()[pri:0, instance:com.orangeHRM.qa.testcases.ReportToPageTest@79b06cab]" name="validateReportToButton_bgcolor" duration-ms="226" started-at="2022-02-17T14:27:41 CST" finished-at="2022-02-17T14:27:41 CST">
          <reporter-output>
          </reporter-output>
        </test-method> <!-- validateReportToButton_bgcolor -->
        <test-method status="PASS" signature="close()[pri:0, instance:com.orangeHRM.qa.testcases.ReportToPageTest@79b06cab]" name="close" is-config="true" duration-ms="109" started-at="2022-02-17T14:27:41 CST" finished-at="2022-02-17T14:27:41 CST">
          <reporter-output>
          </reporter-output>
        </test-method> <!-- close -->
      </class> <!-- com.orangeHRM.qa.testcases.ReportToPageTest -->
      <class name="com.orangeHRM.qa.testcases.LeavePageTest">
        <test-method status="PASS" signature="initialise()[pri:0, instance:com.orangeHRM.qa.testcases.LeavePageTest@51e5fc98]" name="initialise" is-config="true" duration-ms="1691" started-at="2022-02-17T14:16:25 CST" finished-at="2022-02-17T14:16:27 CST">
          <reporter-output>
          </reporter-output>
        </test-method> <!-- initialise -->
        <test-method status="PASS" signature="loadUrl()[pri:0, instance:com.orangeHRM.qa.testcases.LeavePageTest@51e5fc98]" name="loadUrl" is-config="true" duration-ms="1168" started-at="2022-02-17T14:16:27 CST" finished-at="2022-02-17T14:16:28 CST">
          <reporter-output>
          </reporter-output>
        </test-method> <!-- loadUrl -->
        <test-method status="PASS" signature="testcontext(org.testng.ITestContext)[pri:0, instance:com.orangeHRM.qa.testcases.LeavePageTest@51e5fc98]" name="testcontext" is-config="true" duration-ms="0" started-at="2022-02-17T14:16:28 CST" finished-at="2022-02-17T14:16:28 CST">
          <params>
            <param index="0">
              <value>
                <![CDATA[org.testng.TestRunner@7a48e6e2]]>
              </value>
            </param>
          </params>
          <reporter-output>
          </reporter-output>
        </test-method> <!-- testcontext -->
        <test-method status="PASS" signature="verifyLeavePageNavigation()[pri:0, instance:com.orangeHRM.qa.testcases.LeavePageTest@51e5fc98]" name="verifyLeavePageNavigation" is-config="true" duration-ms="3705" started-at="2022-02-17T14:16:28 CST" finished-at="2022-02-17T14:16:32 CST">
          <reporter-output>
          </reporter-output>
        </test-method> <!-- verifyLeavePageNavigation -->
        <test-method status="PASS" signature="validatingLeaveSubMenuDisplay()[pri:0, instance:com.orangeHRM.qa.testcases.LeavePageTest@51e5fc98]" name="validatingLeaveSubMenuDisplay" duration-ms="1054" started-at="2022-02-17T14:16:32 CST" finished-at="2022-02-17T14:16:33 CST">
          <reporter-output>
          </reporter-output>
        </test-method> <!-- validatingLeaveSubMenuDisplay -->
        <test-method status="PASS" signature="verifyColurOfSubMenu()[pri:20, instance:com.orangeHRM.qa.testcases.LeavePageTest@51e5fc98]" name="verifyColurOfSubMenu" duration-ms="1450" started-at="2022-02-17T14:16:33 CST" finished-at="2022-02-17T14:16:34 CST">
          <reporter-output>
          </reporter-output>
        </test-method> <!-- verifyColurOfSubMenu -->
        <test-method status="PASS" signature="navigatingToSubMenuOnClickingLeave()[pri:0, instance:com.orangeHRM.qa.testcases.LeavePageTest@51e5fc98]" name="navigatingToSubMenuOnClickingLeave" is-config="true" duration-ms="599" started-at="2022-02-17T14:16:34 CST" finished-at="2022-02-17T14:16:35 CST">
          <reporter-output>
          </reporter-output>
        </test-method> <!-- navigatingToSubMenuOnClickingLeave -->
        <test-method status="PASS" signature="close()[pri:0, instance:com.orangeHRM.qa.testcases.LeavePageTest@51e5fc98]" name="close" is-config="true" duration-ms="126" started-at="2022-02-17T14:16:35 CST" finished-at="2022-02-17T14:16:35 CST">
          <reporter-output>
          </reporter-output>
        </test-method> <!-- close -->
      </class> <!-- com.orangeHRM.qa.testcases.LeavePageTest -->
      <class name="com.orangeHRM.qa.testcases.PerformancePageTest">
        <test-method status="PASS" signature="initialise()[pri:0, instance:com.orangeHRM.qa.testcases.PerformancePageTest@4386f16]" name="initialise" is-config="true" duration-ms="1771" started-at="2022-02-17T14:27:12 CST" finished-at="2022-02-17T14:27:13 CST">
          <reporter-output>
          </reporter-output>
        </test-method> <!-- initialise -->
        <test-method status="PASS" signature="loadUrl()[pri:0, instance:com.orangeHRM.qa.testcases.PerformancePageTest@4386f16]" name="loadUrl" is-config="true" duration-ms="1142" started-at="2022-02-17T14:27:13 CST" finished-at="2022-02-17T14:27:14 CST">
          <reporter-output>
          </reporter-output>
        </test-method> <!-- loadUrl -->
        <test-method status="PASS" signature="testcontext(org.testng.ITestContext)[pri:0, instance:com.orangeHRM.qa.testcases.PerformancePageTest@4386f16]" name="testcontext" is-config="true" duration-ms="0" started-at="2022-02-17T14:27:14 CST" finished-at="2022-02-17T14:27:14 CST">
          <params>
            <param index="0">
              <value>
                <![CDATA[org.testng.TestRunner@7a48e6e2]]>
              </value>
            </param>
          </params>
          <reporter-output>
          </reporter-output>
        </test-method> <!-- testcontext -->
        <test-method status="PASS" signature="verifyPerformancePageNavigation()[pri:0, instance:com.orangeHRM.qa.testcases.PerformancePageTest@4386f16]" name="verifyPerformancePageNavigation" is-config="true" duration-ms="2558" started-at="2022-02-17T14:27:14 CST" finished-at="2022-02-17T14:27:17 CST">
          <reporter-output>
          </reporter-output>
        </test-method> <!-- verifyPerformancePageNavigation -->
        <test-method status="PASS" signature="validatingPerformanceSubMenuDisplay()[pri:0, instance:com.orangeHRM.qa.testcases.PerformancePageTest@4386f16]" name="validatingPerformanceSubMenuDisplay" duration-ms="769" started-at="2022-02-17T14:27:17 CST" finished-at="2022-02-17T14:27:18 CST">
          <reporter-output>
          </reporter-output>
        </test-method> <!-- validatingPerformanceSubMenuDisplay -->
        <test-method status="PASS" signature="performanceTesting()[pri:1, instance:com.orangeHRM.qa.testcases.PerformancePageTest@4386f16]" name="performanceTesting" duration-ms="1" started-at="2022-02-17T14:27:18 CST" finished-at="2022-02-17T14:27:18 CST">
          <reporter-output>
          </reporter-output>
        </test-method> <!-- performanceTesting -->
        <test-method status="PASS" signature="verifyColorsOfSubmenuInPerformance()[pri:2, instance:com.orangeHRM.qa.testcases.PerformancePageTest@4386f16]" name="verifyColorsOfSubmenuInPerformance" duration-ms="297" started-at="2022-02-17T14:27:18 CST" finished-at="2022-02-17T14:27:18 CST">
          <reporter-output>
          </reporter-output>
        </test-method> <!-- verifyColorsOfSubmenuInPerformance -->
        <test-method status="PASS" signature="close()[pri:0, instance:com.orangeHRM.qa.testcases.PerformancePageTest@4386f16]" name="close" is-config="true" duration-ms="112" started-at="2022-02-17T14:27:18 CST" finished-at="2022-02-17T14:27:18 CST">
          <reporter-output>
          </reporter-output>
        </test-method> <!-- close -->
      </class> <!-- com.orangeHRM.qa.testcases.PerformancePageTest -->
      <class name="com.orangeHRM.qa.testcases.Qualifiation_MyInfoPageTest">
        <test-method status="PASS" signature="initialise()[pri:0, instance:com.orangeHRM.qa.testcases.Qualifiation_MyInfoPageTest@48fa0f47]" name="initialise" is-config="true" duration-ms="1527" started-at="2022-02-17T14:17:35 CST" finished-at="2022-02-17T14:17:37 CST">
          <reporter-output>
          </reporter-output>
        </test-method> <!-- initialise -->
        <test-method status="PASS" signature="loadUrl()[pri:0, instance:com.orangeHRM.qa.testcases.Qualifiation_MyInfoPageTest@48fa0f47]" name="loadUrl" is-config="true" duration-ms="1116" started-at="2022-02-17T14:17:37 CST" finished-at="2022-02-17T14:17:38 CST">
          <reporter-output>
          </reporter-output>
        </test-method> <!-- loadUrl -->
        <test-method status="PASS" signature="testcontext(org.testng.ITestContext)[pri:0, instance:com.orangeHRM.qa.testcases.Qualifiation_MyInfoPageTest@48fa0f47]" name="testcontext" is-config="true" duration-ms="1" started-at="2022-02-17T14:17:38 CST" finished-at="2022-02-17T14:17:38 CST">
          <params>
            <param index="0">
              <value>
                <![CDATA[org.testng.TestRunner@7a48e6e2]]>
              </value>
            </param>
          </params>
          <reporter-output>
          </reporter-output>
        </test-method> <!-- testcontext -->
        <test-method status="PASS" signature="verifyQualifiation_MyInfoPageNavigation()[pri:0, instance:com.orangeHRM.qa.testcases.Qualifiation_MyInfoPageTest@48fa0f47]" name="verifyQualifiation_MyInfoPageNavigation" is-config="true" duration-ms="4128" started-at="2022-02-17T14:17:38 CST" finished-at="2022-02-17T14:17:42 CST">
          <reporter-output>
          </reporter-output>
        </test-method> <!-- verifyQualifiation_MyInfoPageNavigation -->
        <test-method status="PASS" signature="validateQualifiation_MyInfoButton_bgcolor()[pri:3, instance:com.orangeHRM.qa.testcases.Qualifiation_MyInfoPageTest@48fa0f47]" name="validateQualifiation_MyInfoButton_bgcolor" duration-ms="237" started-at="2022-02-17T14:17:42 CST" finished-at="2022-02-17T14:17:42 CST">
          <reporter-output>
          </reporter-output>
        </test-method> <!-- validateQualifiation_MyInfoButton_bgcolor -->
        <test-method status="PASS" signature="colorValidationForAddandDeleteButtons()[pri:4, instance:com.orangeHRM.qa.testcases.Qualifiation_MyInfoPageTest@48fa0f47]" name="colorValidationForAddandDeleteButtons" duration-ms="108" started-at="2022-02-17T14:17:42 CST" finished-at="2022-02-17T14:17:43 CST">
          <reporter-output>
          </reporter-output>
        </test-method> <!-- colorValidationForAddandDeleteButtons -->
        <test-method status="PASS" signature="mandatoryFieldValidationWrkExp()[pri:5, instance:com.orangeHRM.qa.testcases.Qualifiation_MyInfoPageTest@48fa0f47]" name="mandatoryFieldValidationWrkExp" duration-ms="416" started-at="2022-02-17T14:17:43 CST" finished-at="2022-02-17T14:17:43 CST">
          <reporter-output>
          </reporter-output>
        </test-method> <!-- mandatoryFieldValidationWrkExp -->
        <test-method status="PASS" signature="setcontextWrkExp(org.testng.ITestContext)[pri:6, instance:com.orangeHRM.qa.testcases.Qualifiation_MyInfoPageTest@48fa0f47]" name="setcontextWrkExp" duration-ms="1" started-at="2022-02-17T14:17:43 CST" finished-at="2022-02-17T14:17:43 CST">
          <params>
            <param index="0">
              <value>
                <![CDATA[org.testng.TestRunner@7a48e6e2]]>
              </value>
            </param>
          </params>
          <reporter-output>
          </reporter-output>
        </test-method> <!-- setcontextWrkExp -->
        <test-method status="FAIL" signature="verifyAddWorkExperience(java.lang.String, java.lang.String, java.lang.String, java.lang.String, java.lang.String, java.lang.String, java.lang.String, java.lang.String, java.lang.String)[pri:7, instance:com.orangeHRM.qa.testcases.Qualifiation_MyInfoPageTest@48fa0f47]" name="verifyAddWorkExperience" duration-ms="3592" started-at="2022-02-17T14:17:43 CST" data-provider="paramName" finished-at="2022-02-17T14:17:47 CST">
          <params>
            <param index="0">
              <value>
                <![CDATA[Wipro]]>
              </value>
            </param>
            <param index="1">
              <value>
                <![CDATA[ScrumMaster]]>
              </value>
            </param>
            <param index="2">
              <value>
                <![CDATA[2010.0]]>
              </value>
            </param>
            <param index="3">
              <value>
                <![CDATA[10.0]]>
              </value>
            </param>
            <param index="4">
              <value>
                <![CDATA[17.0]]>
              </value>
            </param>
            <param index="5">
              <value>
                <![CDATA[2011.0]]>
              </value>
            </param>
            <param index="6">
              <value>
                <![CDATA[10.0]]>
              </value>
            </param>
            <param index="7">
              <value>
                <![CDATA[18.0]]>
              </value>
            </param>
            <param index="8">
              <value>
                <![CDATA[none]]>
              </value>
            </param>
          </params>
          <exception class="org.openqa.selenium.NoSuchElementException">
            <message>
              <![CDATA[Cannot locate option with value: 10.0
For documentation on this error, please visit: https://www.seleniumhq.org/exceptions/no_such_element.html
Build info: version: '3.141.59', revision: 'e82be7d358', time: '2018-11-14T08:17:03'
System info: host: 'LAPTOP-0MU7EG7P', ip: '192.168.1.160', os.name: 'Windows 10', os.arch: 'amd64', os.version: '10.0', java.version: '1.8.0_231'
Driver info: driver.version: unknown]]>
            </message>
            <full-stacktrace>
              <![CDATA[org.openqa.selenium.NoSuchElementException: Cannot locate option with value: 10.0
For documentation on this error, please visit: https://www.seleniumhq.org/exceptions/no_such_element.html
Build info: version: '3.141.59', revision: 'e82be7d358', time: '2018-11-14T08:17:03'
System info: host: 'LAPTOP-0MU7EG7P', ip: '192.168.1.160', os.name: 'Windows 10', os.arch: 'amd64', os.version: '10.0', java.version: '1.8.0_231'
Driver info: driver.version: unknown
at org.openqa.selenium.support.ui.Select.findOptionsByValue(Select.java:283)
at org.openqa.selenium.support.ui.Select.selectByValue(Select.java:186)
at com.orangeHRM.qa.util.DropDownUtil.selectbyvalue(DropDownUtil.java:16)
at com.orangeHRM.qa.testcases.Qualifiation_MyInfoPageTest.verifyAddWorkExperience(Qualifiation_MyInfoPageTest.java:134)
at sun.reflect.NativeMethodAccessorImpl.invoke0(Native Method)
at sun.reflect.NativeMethodAccessorImpl.invoke(NativeMethodAccessorImpl.java:62)
at sun.reflect.DelegatingMethodAccessorImpl.invoke(DelegatingMethodAccessorImpl.java:43)
at java.lang.reflect.Method.invoke(Method.java:498)
at org.testng.internal.MethodInvocationHelper.invokeMethod(MethodInvocationHelper.java:133)
at org.testng.internal.TestInvoker.invokeMethod(TestInvoker.java:584)
at org.testng.internal.TestInvoker.invokeTestMethod(TestInvoker.java:172)
at org.testng.internal.MethodRunner.runInSequence(MethodRunner.java:46)
at org.testng.internal.TestInvoker$MethodInvocationAgent.invoke(TestInvoker.java:804)
at org.testng.internal.TestInvoker.invokeTestMethods(TestInvoker.java:145)
at org.testng.internal.TestMethodWorker.invokeTestMethods(TestMethodWorker.java:146)
at org.testng.internal.TestMethodWorker.run(TestMethodWorker.java:128)
at java.util.ArrayList.forEach(ArrayList.java:1257)
at org.testng.TestRunner.privateRun(TestRunner.java:770)
at org.testng.TestRunner.run(TestRunner.java:591)
at org.testng.SuiteRunner.runTest(SuiteRunner.java:402)
at org.testng.SuiteRunner.runSequentially(SuiteRunner.java:396)
at org.testng.SuiteRunner.privateRun(SuiteRunner.java:355)
at org.testng.SuiteRunner.run(SuiteRunner.java:304)
at org.testng.SuiteRunnerWorker.runSuite(SuiteRunnerWorker.java:53)
at org.testng.SuiteRunnerWorker.run(SuiteRunnerWorker.java:96)
at org.testng.TestNG.runSuitesSequentially(TestNG.java:1180)
at org.testng.TestNG.runSuitesLocally(TestNG.java:1102)
at org.testng.TestNG.runSuites(TestNG.java:1032)
at org.testng.TestNG.run(TestNG.java:1000)
at org.testng.remote.AbstractRemoteTestNG.run(AbstractRemoteTestNG.java:115)
at org.testng.remote.RemoteTestNG.initAndRun(RemoteTestNG.java:251)
at org.testng.remote.RemoteTestNG.main(RemoteTestNG.java:77)
]]>
            </full-stacktrace>
          </exception> <!-- org.openqa.selenium.NoSuchElementException -->
          <reporter-output>
          </reporter-output>
        </test-method> <!-- verifyAddWorkExperience -->
        <test-method status="FAIL" signature="verifyAddWorkExperience(java.lang.String, java.lang.String, java.lang.String, java.lang.String, java.lang.String, java.lang.String, java.lang.String, java.lang.String, java.lang.String)[pri:7, instance:com.orangeHRM.qa.testcases.Qualifiation_MyInfoPageTest@48fa0f47]" name="verifyAddWorkExperience" duration-ms="50" started-at="2022-02-17T14:17:47 CST" data-provider="paramName" finished-at="2022-02-17T14:17:47 CST">
          <params>
            <param index="0">
              <value>
                <![CDATA[Infosys]]>
              </value>
            </param>
            <param index="1">
              <value>
                <![CDATA[QA]]>
              </value>
            </param>
            <param index="2">
              <value>
                <![CDATA[2011.0]]>
              </value>
            </param>
            <param index="3">
              <value>
                <![CDATA[10.0]]>
              </value>
            </param>
            <param index="4">
              <value>
                <![CDATA[16.0]]>
              </value>
            </param>
            <param index="5">
              <value>
                <![CDATA[2012.0]]>
              </value>
            </param>
            <param index="6">
              <value>
                <![CDATA[11.0]]>
              </value>
            </param>
            <param index="7">
              <value>
                <![CDATA[17.0]]>
              </value>
            </param>
            <param index="8">
              <value>
                <![CDATA[None]]>
              </value>
            </param>
          </params>
          <exception class="org.openqa.selenium.ElementNotInteractableException">
            <message>
              <![CDATA[element not interactable
  (Session info: chrome=98.0.4758.102)
Build info: version: '3.141.59', revision: 'e82be7d358', time: '2018-11-14T08:17:03'
System info: host: 'LAPTOP-0MU7EG7P', ip: '192.168.1.160', os.name: 'Windows 10', os.arch: 'amd64', os.version: '10.0', java.version: '1.8.0_231'
Driver info: org.openqa.selenium.chrome.ChromeDriver
Capabilities {acceptInsecureCerts: false, browserName: chrome, browserVersion: 98.0.4758.102, chrome: {chromedriverVersion: 98.0.4758.102 (273bf7ac8c90..., userDataDir: C:\Users\vijay\AppData\Loca...}, goog:chromeOptions: {debuggerAddress: localhost:54151}, javascriptEnabled: true, networkConnectionEnabled: false, pageLoadStrategy: normal, platform: WINDOWS, platformName: WINDOWS, proxy: Proxy(), setWindowRect: true, strictFileInteractability: false, timeouts: {implicit: 0, pageLoad: 300000, script: 30000}, unhandledPromptBehavior: dismiss and notify, webauthn:extension:credBlob: true, webauthn:extension:largeBlob: true, webauthn:virtualAuthenticators: true}
Session ID: d3681b366d849512eac22f2bc79193d5]]>
            </message>
            <full-stacktrace>
              <![CDATA[org.openqa.selenium.ElementNotInteractableException: element not interactable
  (Session info: chrome=98.0.4758.102)
Build info: version: '3.141.59', revision: 'e82be7d358', time: '2018-11-14T08:17:03'
System info: host: 'LAPTOP-0MU7EG7P', ip: '192.168.1.160', os.name: 'Windows 10', os.arch: 'amd64', os.version: '10.0', java.version: '1.8.0_231'
Driver info: org.openqa.selenium.chrome.ChromeDriver
Capabilities {acceptInsecureCerts: false, browserName: chrome, browserVersion: 98.0.4758.102, chrome: {chromedriverVersion: 98.0.4758.102 (273bf7ac8c90..., userDataDir: C:\Users\vijay\AppData\Loca...}, goog:chromeOptions: {debuggerAddress: localhost:54151}, javascriptEnabled: true, networkConnectionEnabled: false, pageLoadStrategy: normal, platform: WINDOWS, platformName: WINDOWS, proxy: Proxy(), setWindowRect: true, strictFileInteractability: false, timeouts: {implicit: 0, pageLoad: 300000, script: 30000}, unhandledPromptBehavior: dismiss and notify, webauthn:extension:credBlob: true, webauthn:extension:largeBlob: true, webauthn:virtualAuthenticators: true}
Session ID: d3681b366d849512eac22f2bc79193d5
at sun.reflect.NativeConstructorAccessorImpl.newInstance0(Native Method)
at sun.reflect.NativeConstructorAccessorImpl.newInstance(NativeConstructorAccessorImpl.java:62)
at sun.reflect.DelegatingConstructorAccessorImpl.newInstance(DelegatingConstructorAccessorImpl.java:45)
at java.lang.reflect.Constructor.newInstance(Constructor.java:423)
at org.openqa.selenium.remote.http.W3CHttpResponseCodec.createException(W3CHttpResponseCodec.java:187)
at org.openqa.selenium.remote.http.W3CHttpResponseCodec.decode(W3CHttpResponseCodec.java:122)
at org.openqa.selenium.remote.http.W3CHttpResponseCodec.decode(W3CHttpResponseCodec.java:49)
at org.openqa.selenium.remote.HttpCommandExecutor.execute(HttpCommandExecutor.java:158)
at org.openqa.selenium.remote.service.DriverCommandExecutor.execute(DriverCommandExecutor.java:83)
at org.openqa.selenium.remote.RemoteWebDriver.execute(RemoteWebDriver.java:552)
at org.openqa.selenium.remote.RemoteWebElement.execute(RemoteWebElement.java:285)
at org.openqa.selenium.remote.RemoteWebElement.click(RemoteWebElement.java:84)
at com.orangeHRM.qa.testcases.Qualifiation_MyInfoPageTest.verifyAddWorkExperience(Qualifiation_MyInfoPageTest.java:121)
at sun.reflect.NativeMethodAccessorImpl.invoke0(Native Method)
at sun.reflect.NativeMethodAccessorImpl.invoke(NativeMethodAccessorImpl.java:62)
at sun.reflect.DelegatingMethodAccessorImpl.invoke(DelegatingMethodAccessorImpl.java:43)
at java.lang.reflect.Method.invoke(Method.java:498)
at org.testng.internal.MethodInvocationHelper.invokeMethod(MethodInvocationHelper.java:133)
at org.testng.internal.TestInvoker.invokeMethod(TestInvoker.java:584)
at org.testng.internal.TestInvoker.invokeTestMethod(TestInvoker.java:172)
at org.testng.internal.MethodRunner.runInSequence(MethodRunner.java:46)
at org.testng.internal.TestInvoker$MethodInvocationAgent.invoke(TestInvoker.java:804)
at org.testng.internal.TestInvoker.invokeTestMethods(TestInvoker.java:145)
at org.testng.internal.TestMethodWorker.invokeTestMethods(TestMethodWorker.java:146)
at org.testng.internal.TestMethodWorker.run(TestMethodWorker.java:128)
at java.util.ArrayList.forEach(ArrayList.java:1257)
at org.testng.TestRunner.privateRun(TestRunner.java:770)
at org.testng.TestRunner.run(TestRunner.java:591)
at org.testng.SuiteRunner.runTest(SuiteRunner.java:402)
at org.testng.SuiteRunner.runSequentially(SuiteRunner.java:396)
at org.testng.SuiteRunner.privateRun(SuiteRunner.java:355)
at org.testng.SuiteRunner.run(SuiteRunner.java:304)
at org.testng.SuiteRunnerWorker.runSuite(SuiteRunnerWorker.java:53)
at org.testng.SuiteRunnerWorker.run(SuiteRunnerWorker.java:96)
at org.testng.TestNG.runSuitesSequentially(TestNG.java:1180)
at org.testng.TestNG.runSuitesLocally(TestNG.java:1102)
at org.testng.TestNG.runSuites(TestNG.java:1032)
at org.testng.TestNG.run(TestNG.java:1000)
at org.testng.remote.AbstractRemoteTestNG.run(AbstractRemoteTestNG.java:115)
at org.testng.remote.RemoteTestNG.initAndRun(RemoteTestNG.java:251)
at org.testng.remote.RemoteTestNG.main(RemoteTestNG.java:77)
]]>
            </full-stacktrace>
          </exception> <!-- org.openqa.selenium.ElementNotInteractableException -->
          <reporter-output>
          </reporter-output>
        </test-method> <!-- verifyAddWorkExperience -->
        <test-method status="PASS" signature="tableValidatingWrkExp()[pri:8, instance:com.orangeHRM.qa.testcases.Qualifiation_MyInfoPageTest@48fa0f47]" name="tableValidatingWrkExp" duration-ms="536" started-at="2022-02-17T14:17:47 CST" finished-at="2022-02-17T14:17:48 CST">
          <reporter-output>
          </reporter-output>
        </test-method> <!-- tableValidatingWrkExp -->
        <test-method status="PASS" signature="setcontextWrkExpEdit(org.testng.ITestContext)[pri:9, instance:com.orangeHRM.qa.testcases.Qualifiation_MyInfoPageTest@48fa0f47]" name="setcontextWrkExpEdit" duration-ms="0" started-at="2022-02-17T14:17:48 CST" finished-at="2022-02-17T14:17:48 CST">
          <params>
            <param index="0">
              <value>
                <![CDATA[org.testng.TestRunner@7a48e6e2]]>
              </value>
            </param>
          </params>
          <reporter-output>
          </reporter-output>
        </test-method> <!-- setcontextWrkExpEdit -->
        <test-method status="SKIP" signature="editWorkExperience(java.lang.String, java.lang.String, java.lang.String, java.lang.String, java.lang.String, java.lang.String, java.lang.String, java.lang.String, java.lang.String)[pri:10, instance:com.orangeHRM.qa.testcases.Qualifiation_MyInfoPageTest@48fa0f47]" name="editWorkExperience" duration-ms="1" started-at="2022-02-17T14:17:48 CST" data-provider="paramName" depends-on-methods="com.orangeHRM.qa.testcases.Qualifiation_MyInfoPageTest.verifyAddWorkExperience" finished-at="2022-02-17T14:17:48 CST">
          <exception class="java.lang.Throwable">
            <message>
              <![CDATA[Method Qualifiation_MyInfoPageTest.editWorkExperience(java.lang.String, java.lang.String, java.lang.String, java.lang.String, java.lang.String, java.lang.String, java.lang.String, java.lang.String, java.lang.String)[pri:10, instance:com.orangeHRM.qa.testcases.Qualifiation_MyInfoPageTest@48fa0f47] depends on not successfully finished methods]]>
            </message>
            <full-stacktrace>
              <![CDATA[java.lang.Throwable: Method Qualifiation_MyInfoPageTest.editWorkExperience(java.lang.String, java.lang.String, java.lang.String, java.lang.String, java.lang.String, java.lang.String, java.lang.String, java.lang.String, java.lang.String)[pri:10, instance:com.orangeHRM.qa.testcases.Qualifiation_MyInfoPageTest@48fa0f47] depends on not successfully finished methods
at org.testng.internal.TestInvoker.invokeTestMethods(TestInvoker.java:99)
at org.testng.internal.TestMethodWorker.invokeTestMethods(TestMethodWorker.java:146)
at org.testng.internal.TestMethodWorker.run(TestMethodWorker.java:128)
at java.util.ArrayList.forEach(ArrayList.java:1257)
at org.testng.TestRunner.privateRun(TestRunner.java:770)
at org.testng.TestRunner.run(TestRunner.java:591)
at org.testng.SuiteRunner.runTest(SuiteRunner.java:402)
at org.testng.SuiteRunner.runSequentially(SuiteRunner.java:396)
at org.testng.SuiteRunner.privateRun(SuiteRunner.java:355)
at org.testng.SuiteRunner.run(SuiteRunner.java:304)
at org.testng.SuiteRunnerWorker.runSuite(SuiteRunnerWorker.java:53)
at org.testng.SuiteRunnerWorker.run(SuiteRunnerWorker.java:96)
at org.testng.TestNG.runSuitesSequentially(TestNG.java:1180)
at org.testng.TestNG.runSuitesLocally(TestNG.java:1102)
at org.testng.TestNG.runSuites(TestNG.java:1032)
at org.testng.TestNG.run(TestNG.java:1000)
at org.testng.remote.AbstractRemoteTestNG.run(AbstractRemoteTestNG.java:115)
at org.testng.remote.RemoteTestNG.initAndRun(RemoteTestNG.java:251)
at org.testng.remote.RemoteTestNG.main(RemoteTestNG.java:77)
]]>
            </full-stacktrace>
          </exception> <!-- java.lang.Throwable -->
          <reporter-output>
          </reporter-output>
        </test-method> <!-- editWorkExperience -->
        <test-method status="SKIP" signature="deletingSingle_WorkExp()[pri:11, instance:com.orangeHRM.qa.testcases.Qualifiation_MyInfoPageTest@48fa0f47]" name="deletingSingle_WorkExp" duration-ms="0" started-at="2022-02-17T14:17:48 CST" depends-on-methods="com.orangeHRM.qa.testcases.Qualifiation_MyInfoPageTest.verifyAddWorkExperience" finished-at="2022-02-17T14:17:48 CST">
          <exception class="java.lang.Throwable">
            <message>
              <![CDATA[Method Qualifiation_MyInfoPageTest.deletingSingle_WorkExp()[pri:11, instance:com.orangeHRM.qa.testcases.Qualifiation_MyInfoPageTest@48fa0f47] depends on not successfully finished methods]]>
            </message>
            <full-stacktrace>
              <![CDATA[java.lang.Throwable: Method Qualifiation_MyInfoPageTest.deletingSingle_WorkExp()[pri:11, instance:com.orangeHRM.qa.testcases.Qualifiation_MyInfoPageTest@48fa0f47] depends on not successfully finished methods
at org.testng.internal.TestInvoker.invokeTestMethods(TestInvoker.java:99)
at org.testng.internal.TestMethodWorker.invokeTestMethods(TestMethodWorker.java:146)
at org.testng.internal.TestMethodWorker.run(TestMethodWorker.java:128)
at java.util.ArrayList.forEach(ArrayList.java:1257)
at org.testng.TestRunner.privateRun(TestRunner.java:770)
at org.testng.TestRunner.run(TestRunner.java:591)
at org.testng.SuiteRunner.runTest(SuiteRunner.java:402)
at org.testng.SuiteRunner.runSequentially(SuiteRunner.java:396)
at org.testng.SuiteRunner.privateRun(SuiteRunner.java:355)
at org.testng.SuiteRunner.run(SuiteRunner.java:304)
at org.testng.SuiteRunnerWorker.runSuite(SuiteRunnerWorker.java:53)
at org.testng.SuiteRunnerWorker.run(SuiteRunnerWorker.java:96)
at org.testng.TestNG.runSuitesSequentially(TestNG.java:1180)
at org.testng.TestNG.runSuitesLocally(TestNG.java:1102)
at org.testng.TestNG.runSuites(TestNG.java:1032)
at org.testng.TestNG.run(TestNG.java:1000)
at org.testng.remote.AbstractRemoteTestNG.run(AbstractRemoteTestNG.java:115)
at org.testng.remote.RemoteTestNG.initAndRun(RemoteTestNG.java:251)
at org.testng.remote.RemoteTestNG.main(RemoteTestNG.java:77)
]]>
            </full-stacktrace>
          </exception> <!-- java.lang.Throwable -->
          <reporter-output>
          </reporter-output>
        </test-method> <!-- deletingSingle_WorkExp -->
        <test-method status="PASS" signature="deletingall_WorkExperience()[pri:12, instance:com.orangeHRM.qa.testcases.Qualifiation_MyInfoPageTest@48fa0f47]" name="deletingall_WorkExperience" duration-ms="0" started-at="2022-02-17T14:17:48 CST" finished-at="2022-02-17T14:17:48 CST">
          <reporter-output>
          </reporter-output>
        </test-method> <!-- deletingall_WorkExperience -->
        <test-method status="PASS" signature="mandatoryFieldValidation()[pri:13, instance:com.orangeHRM.qa.testcases.Qualifiation_MyInfoPageTest@48fa0f47]" name="mandatoryFieldValidation" duration-ms="396" started-at="2022-02-17T14:17:48 CST" finished-at="2022-02-17T14:17:48 CST">
          <reporter-output>
          </reporter-output>
        </test-method> <!-- mandatoryFieldValidation -->
        <test-method status="PASS" signature="setcontext(org.testng.ITestContext)[pri:14, instance:com.orangeHRM.qa.testcases.Qualifiation_MyInfoPageTest@48fa0f47]" name="setcontext" duration-ms="1" started-at="2022-02-17T14:17:48 CST" finished-at="2022-02-17T14:17:48 CST">
          <params>
            <param index="0">
              <value>
                <![CDATA[org.testng.TestRunner@7a48e6e2]]>
              </value>
            </param>
          </params>
          <reporter-output>
          </reporter-output>
        </test-method> <!-- setcontext -->
        <test-method status="PASS" signature="verifyAddEducationTesting(java.lang.String, java.lang.String, java.lang.String, java.lang.String, java.lang.String, java.lang.String, java.lang.String, java.lang.String, java.lang.String, java.lang.String, java.lang.String)[pri:15, instance:com.orangeHRM.qa.testcases.Qualifiation_MyInfoPageTest@48fa0f47]" name="verifyAddEducationTesting" duration-ms="7886" started-at="2022-02-17T14:17:48 CST" data-provider="paramName" finished-at="2022-02-17T14:17:56 CST">
          <params>
            <param index="0">
              <value>
                <![CDATA[Bachelor's Degree]]>
              </value>
            </param>
            <param index="1">
              <value>
                <![CDATA[BITS]]>
              </value>
            </param>
            <param index="2">
              <value>
                <![CDATA[Btech]]>
              </value>
            </param>
            <param index="3">
              <value>
                <![CDATA[2008]]>
              </value>
            </param>
            <param index="4">
              <value>
                <![CDATA[73]]>
              </value>
            </param>
            <param index="5">
              <value>
                <![CDATA[12]]>
              </value>
            </param>
            <param index="6">
              <value>
                <![CDATA[8]]>
              </value>
            </param>
            <param index="7">
              <value>
                <![CDATA[2004]]>
              </value>
            </param>
            <param index="8">
              <value>
                <![CDATA[10]]>
              </value>
            </param>
            <param index="9">
              <value>
                <![CDATA[4]]>
              </value>
            </param>
            <param index="10">
              <value>
                <![CDATA[2008]]>
              </value>
            </param>
          </params>
          <reporter-output>
          </reporter-output>
        </test-method> <!-- verifyAddEducationTesting -->
        <test-method status="PASS" signature="edutableValidating()[pri:16, instance:com.orangeHRM.qa.testcases.Qualifiation_MyInfoPageTest@48fa0f47]" name="edutableValidating" duration-ms="322" started-at="2022-02-17T14:17:56 CST" finished-at="2022-02-17T14:17:56 CST">
          <reporter-output>
          </reporter-output>
        </test-method> <!-- edutableValidating -->
        <test-method status="PASS" signature="leveldropdownSortedOrNot()[pri:17, instance:com.orangeHRM.qa.testcases.Qualifiation_MyInfoPageTest@48fa0f47]" name="leveldropdownSortedOrNot" duration-ms="185" started-at="2022-02-17T14:17:56 CST" finished-at="2022-02-17T14:17:56 CST">
          <reporter-output>
          </reporter-output>
        </test-method> <!-- leveldropdownSortedOrNot -->
        <test-method status="FAIL" signature="validatingLevelDropdownOptionsDuplicates()[pri:18, instance:com.orangeHRM.qa.testcases.Qualifiation_MyInfoPageTest@48fa0f47]" name="validatingLevelDropdownOptionsDuplicates" duration-ms="121" started-at="2022-02-17T14:17:56 CST" finished-at="2022-02-17T14:17:56 CST">
          <exception class="java.lang.AssertionError">
            <message>
              <![CDATA[expected [1] but found [6]]]>
            </message>
            <full-stacktrace>
              <![CDATA[java.lang.AssertionError: expected [1] but found [6]
at org.testng.Assert.fail(Assert.java:97)
at org.testng.Assert.assertEqualsImpl(Assert.java:136)
at org.testng.Assert.assertEquals(Assert.java:118)
at org.testng.Assert.assertEquals(Assert.java:839)
at org.testng.Assert.assertEquals(Assert.java:849)
at com.orangeHRM.qa.testcases.Qualifiation_MyInfoPageTest.validatingLevelDropdownOptionsDuplicates(Qualifiation_MyInfoPageTest.java:434)
at sun.reflect.NativeMethodAccessorImpl.invoke0(Native Method)
at sun.reflect.NativeMethodAccessorImpl.invoke(NativeMethodAccessorImpl.java:62)
at sun.reflect.DelegatingMethodAccessorImpl.invoke(DelegatingMethodAccessorImpl.java:43)
at java.lang.reflect.Method.invoke(Method.java:498)
at org.testng.internal.MethodInvocationHelper.invokeMethod(MethodInvocationHelper.java:133)
at org.testng.internal.TestInvoker.invokeMethod(TestInvoker.java:584)
at org.testng.internal.TestInvoker.invokeTestMethod(TestInvoker.java:172)
at org.testng.internal.MethodRunner.runInSequence(MethodRunner.java:46)
at org.testng.internal.TestInvoker$MethodInvocationAgent.invoke(TestInvoker.java:804)
at org.testng.internal.TestInvoker.invokeTestMethods(TestInvoker.java:145)
at org.testng.internal.TestMethodWorker.invokeTestMethods(TestMethodWorker.java:146)
at org.testng.internal.TestMethodWorker.run(TestMethodWorker.java:128)
at java.util.ArrayList.forEach(ArrayList.java:1257)
at org.testng.TestRunner.privateRun(TestRunner.java:770)
at org.testng.TestRunner.run(TestRunner.java:591)
at org.testng.SuiteRunner.runTest(SuiteRunner.java:402)
at org.testng.SuiteRunner.runSequentially(SuiteRunner.java:396)
at org.testng.SuiteRunner.privateRun(SuiteRunner.java:355)
at org.testng.SuiteRunner.run(SuiteRunner.java:304)
at org.testng.SuiteRunnerWorker.runSuite(SuiteRunnerWorker.java:53)
at org.testng.SuiteRunnerWorker.run(SuiteRunnerWorker.java:96)
at org.testng.TestNG.runSuitesSequentially(TestNG.java:1180)
at org.testng.TestNG.runSuitesLocally(TestNG.java:1102)
at org.testng.TestNG.runSuites(TestNG.java:1032)
at org.testng.TestNG.run(TestNG.java:1000)
at org.testng.remote.AbstractRemoteTestNG.run(AbstractRemoteTestNG.java:115)
at org.testng.remote.RemoteTestNG.initAndRun(RemoteTestNG.java:251)
at org.testng.remote.RemoteTestNG.main(RemoteTestNG.java:77)
]]>
            </full-stacktrace>
          </exception> <!-- java.lang.AssertionError -->
          <reporter-output>
          </reporter-output>
        </test-method> <!-- validatingLevelDropdownOptionsDuplicates -->
        <test-method status="FAIL" signature="verifystartDateFormat()[pri:19, instance:com.orangeHRM.qa.testcases.Qualifiation_MyInfoPageTest@48fa0f47]" name="verifystartDateFormat" duration-ms="61" started-at="2022-02-17T14:17:57 CST" finished-at="2022-02-17T14:17:57 CST">
          <exception class="java.lang.AssertionError">
            <message>
              <![CDATA[did not expect to find [true] but found [false]]]>
            </message>
            <full-stacktrace>
              <![CDATA[java.lang.AssertionError: did not expect to find [true] but found [false]
at org.testng.Assert.fail(Assert.java:97)
at org.testng.Assert.failNotEquals(Assert.java:969)
at org.testng.Assert.assertTrue(Assert.java:43)
at org.testng.Assert.assertTrue(Assert.java:53)
at com.orangeHRM.qa.testcases.Qualifiation_MyInfoPageTest.verifystartDateFormat(Qualifiation_MyInfoPageTest.java:461)
at sun.reflect.NativeMethodAccessorImpl.invoke0(Native Method)
at sun.reflect.NativeMethodAccessorImpl.invoke(NativeMethodAccessorImpl.java:62)
at sun.reflect.DelegatingMethodAccessorImpl.invoke(DelegatingMethodAccessorImpl.java:43)
at java.lang.reflect.Method.invoke(Method.java:498)
at org.testng.internal.MethodInvocationHelper.invokeMethod(MethodInvocationHelper.java:133)
at org.testng.internal.TestInvoker.invokeMethod(TestInvoker.java:584)
at org.testng.internal.TestInvoker.invokeTestMethod(TestInvoker.java:172)
at org.testng.internal.MethodRunner.runInSequence(MethodRunner.java:46)
at org.testng.internal.TestInvoker$MethodInvocationAgent.invoke(TestInvoker.java:804)
at org.testng.internal.TestInvoker.invokeTestMethods(TestInvoker.java:145)
at org.testng.internal.TestMethodWorker.invokeTestMethods(TestMethodWorker.java:146)
at org.testng.internal.TestMethodWorker.run(TestMethodWorker.java:128)
at java.util.ArrayList.forEach(ArrayList.java:1257)
at org.testng.TestRunner.privateRun(TestRunner.java:770)
at org.testng.TestRunner.run(TestRunner.java:591)
at org.testng.SuiteRunner.runTest(SuiteRunner.java:402)
at org.testng.SuiteRunner.runSequentially(SuiteRunner.java:396)
at org.testng.SuiteRunner.privateRun(SuiteRunner.java:355)
at org.testng.SuiteRunner.run(SuiteRunner.java:304)
at org.testng.SuiteRunnerWorker.runSuite(SuiteRunnerWorker.java:53)
at org.testng.SuiteRunnerWorker.run(SuiteRunnerWorker.java:96)
at org.testng.TestNG.runSuitesSequentially(TestNG.java:1180)
at org.testng.TestNG.runSuitesLocally(TestNG.java:1102)
at org.testng.TestNG.runSuites(TestNG.java:1032)
at org.testng.TestNG.run(TestNG.java:1000)
at org.testng.remote.AbstractRemoteTestNG.run(AbstractRemoteTestNG.java:115)
at org.testng.remote.RemoteTestNG.initAndRun(RemoteTestNG.java:251)
at org.testng.remote.RemoteTestNG.main(RemoteTestNG.java:77)
]]>
            </full-stacktrace>
          </exception> <!-- java.lang.AssertionError -->
          <reporter-output>
          </reporter-output>
        </test-method> <!-- verifystartDateFormat -->
        <test-method status="PASS" signature="setcontext3(org.testng.ITestContext)[pri:20, instance:com.orangeHRM.qa.testcases.Qualifiation_MyInfoPageTest@48fa0f47]" name="setcontext3" duration-ms="1" started-at="2022-02-17T14:17:57 CST" finished-at="2022-02-17T14:17:57 CST">
          <params>
            <param index="0">
              <value>
                <![CDATA[org.testng.TestRunner@7a48e6e2]]>
              </value>
            </param>
          </params>
          <reporter-output>
          </reporter-output>
        </test-method> <!-- setcontext3 -->
        <test-method status="PASS" signature="editEducationTesting(java.lang.String, java.lang.String, java.lang.String, java.lang.String, java.lang.String, java.lang.String, java.lang.String, java.lang.String, java.lang.String, java.lang.String)[pri:21, instance:com.orangeHRM.qa.testcases.Qualifiation_MyInfoPageTest@48fa0f47]" name="editEducationTesting" duration-ms="5215" started-at="2022-02-17T14:17:57 CST" data-provider="paramName" depends-on-methods="com.orangeHRM.qa.testcases.Qualifiation_MyInfoPageTest.verifyAddEducationTesting" finished-at="2022-02-17T14:18:02 CST">
          <params>
            <param index="0">
              <value>
                <![CDATA[KITS]]>
              </value>
            </param>
            <param index="1">
              <value>
                <![CDATA[Btech]]>
              </value>
            </param>
            <param index="2">
              <value>
                <![CDATA[2009]]>
              </value>
            </param>
            <param index="3">
              <value>
                <![CDATA[75]]>
              </value>
            </param>
            <param index="4">
              <value>
                <![CDATA[13]]>
              </value>
            </param>
            <param index="5">
              <value>
                <![CDATA[9]]>
              </value>
            </param>
            <param index="6">
              <value>
                <![CDATA[2005]]>
              </value>
            </param>
            <param index="7">
              <value>
                <![CDATA[11]]>
              </value>
            </param>
            <param index="8">
              <value>
                <![CDATA[5]]>
              </value>
            </param>
            <param index="9">
              <value>
                <![CDATA[2009]]>
              </value>
            </param>
          </params>
          <reporter-output>
          </reporter-output>
        </test-method> <!-- editEducationTesting -->
        <test-method status="PASS" signature="deletingSingle_Education()[pri:22, instance:com.orangeHRM.qa.testcases.Qualifiation_MyInfoPageTest@48fa0f47]" name="deletingSingle_Education" duration-ms="1395" started-at="2022-02-17T14:18:02 CST" depends-on-methods="com.orangeHRM.qa.testcases.Qualifiation_MyInfoPageTest.verifyAddEducationTesting" finished-at="2022-02-17T14:18:03 CST">
          <reporter-output>
          </reporter-output>
        </test-method> <!-- deletingSingle_Education -->
        <test-method status="PASS" signature="deletingall_Education()[pri:23, instance:com.orangeHRM.qa.testcases.Qualifiation_MyInfoPageTest@48fa0f47]" name="deletingall_Education" duration-ms="1246" started-at="2022-02-17T14:18:03 CST" finished-at="2022-02-17T14:18:05 CST">
          <reporter-output>
          </reporter-output>
        </test-method> <!-- deletingall_Education -->
        <test-method status="PASS" signature="setcontext5(org.testng.ITestContext)[pri:24, instance:com.orangeHRM.qa.testcases.Qualifiation_MyInfoPageTest@48fa0f47]" name="setcontext5" duration-ms="0" started-at="2022-02-17T14:18:05 CST" finished-at="2022-02-17T14:18:05 CST">
          <params>
            <param index="0">
              <value>
                <![CDATA[org.testng.TestRunner@7a48e6e2]]>
              </value>
            </param>
          </params>
          <reporter-output>
          </reporter-output>
        </test-method> <!-- setcontext5 -->
        <test-method status="PASS" signature="verifyAddSkillTesting(java.lang.String, java.lang.String, java.lang.String)[pri:25, instance:com.orangeHRM.qa.testcases.Qualifiation_MyInfoPageTest@48fa0f47]" name="verifyAddSkillTesting" duration-ms="1549" started-at="2022-02-17T14:18:05 CST" data-provider="paramName" finished-at="2022-02-17T14:18:06 CST">
          <params>
            <param index="0">
              <value>
                <![CDATA[7]]>
              </value>
            </param>
            <param index="1">
              <value>
                <![CDATA[3]]>
              </value>
            </param>
            <param index="2">
              <value>
                <![CDATA[No Comments to write]]>
              </value>
            </param>
          </params>
          <reporter-output>
          </reporter-output>
        </test-method> <!-- verifyAddSkillTesting -->
        <test-method status="PASS" signature="skilltableValidating()[pri:26, instance:com.orangeHRM.qa.testcases.Qualifiation_MyInfoPageTest@48fa0f47]" name="skilltableValidating" duration-ms="210" started-at="2022-02-17T14:18:06 CST" finished-at="2022-02-17T14:18:07 CST">
          <reporter-output>
          </reporter-output>
        </test-method> <!-- skilltableValidating -->
        <test-method status="PASS" signature="skilldropdownSortedOrNot()[pri:27, instance:com.orangeHRM.qa.testcases.Qualifiation_MyInfoPageTest@48fa0f47]" name="skilldropdownSortedOrNot" duration-ms="456" started-at="2022-02-17T14:18:07 CST" finished-at="2022-02-17T14:18:07 CST">
          <reporter-output>
          </reporter-output>
        </test-method> <!-- skilldropdownSortedOrNot -->
        <test-method status="FAIL" signature="validatingskillDropdownOptionsDuplicates()[pri:28, instance:com.orangeHRM.qa.testcases.Qualifiation_MyInfoPageTest@48fa0f47]" name="validatingskillDropdownOptionsDuplicates" duration-ms="306" started-at="2022-02-17T14:18:07 CST" finished-at="2022-02-17T14:18:07 CST">
          <exception class="java.lang.AssertionError">
            <message>
              <![CDATA[expected [1] but found [23]]]>
            </message>
            <full-stacktrace>
              <![CDATA[java.lang.AssertionError: expected [1] but found [23]
at org.testng.Assert.fail(Assert.java:97)
at org.testng.Assert.assertEqualsImpl(Assert.java:136)
at org.testng.Assert.assertEquals(Assert.java:118)
at org.testng.Assert.assertEquals(Assert.java:839)
at org.testng.Assert.assertEquals(Assert.java:849)
at com.orangeHRM.qa.testcases.Qualifiation_MyInfoPageTest.validatingskillDropdownOptionsDuplicates(Qualifiation_MyInfoPageTest.java:667)
at sun.reflect.NativeMethodAccessorImpl.invoke0(Native Method)
at sun.reflect.NativeMethodAccessorImpl.invoke(NativeMethodAccessorImpl.java:62)
at sun.reflect.DelegatingMethodAccessorImpl.invoke(DelegatingMethodAccessorImpl.java:43)
at java.lang.reflect.Method.invoke(Method.java:498)
at org.testng.internal.MethodInvocationHelper.invokeMethod(MethodInvocationHelper.java:133)
at org.testng.internal.TestInvoker.invokeMethod(TestInvoker.java:584)
at org.testng.internal.TestInvoker.invokeTestMethod(TestInvoker.java:172)
at org.testng.internal.MethodRunner.runInSequence(MethodRunner.java:46)
at org.testng.internal.TestInvoker$MethodInvocationAgent.invoke(TestInvoker.java:804)
at org.testng.internal.TestInvoker.invokeTestMethods(TestInvoker.java:145)
at org.testng.internal.TestMethodWorker.invokeTestMethods(TestMethodWorker.java:146)
at org.testng.internal.TestMethodWorker.run(TestMethodWorker.java:128)
at java.util.ArrayList.forEach(ArrayList.java:1257)
at org.testng.TestRunner.privateRun(TestRunner.java:770)
at org.testng.TestRunner.run(TestRunner.java:591)
at org.testng.SuiteRunner.runTest(SuiteRunner.java:402)
at org.testng.SuiteRunner.runSequentially(SuiteRunner.java:396)
at org.testng.SuiteRunner.privateRun(SuiteRunner.java:355)
at org.testng.SuiteRunner.run(SuiteRunner.java:304)
at org.testng.SuiteRunnerWorker.runSuite(SuiteRunnerWorker.java:53)
at org.testng.SuiteRunnerWorker.run(SuiteRunnerWorker.java:96)
at org.testng.TestNG.runSuitesSequentially(TestNG.java:1180)
at org.testng.TestNG.runSuitesLocally(TestNG.java:1102)
at org.testng.TestNG.runSuites(TestNG.java:1032)
at org.testng.TestNG.run(TestNG.java:1000)
at org.testng.remote.AbstractRemoteTestNG.run(AbstractRemoteTestNG.java:115)
at org.testng.remote.RemoteTestNG.initAndRun(RemoteTestNG.java:251)
at org.testng.remote.RemoteTestNG.main(RemoteTestNG.java:77)
]]>
            </full-stacktrace>
          </exception> <!-- java.lang.AssertionError -->
          <reporter-output>
          </reporter-output>
        </test-method> <!-- validatingskillDropdownOptionsDuplicates -->
        <test-method status="PASS" signature="setcontext6(org.testng.ITestContext)[pri:29, instance:com.orangeHRM.qa.testcases.Qualifiation_MyInfoPageTest@48fa0f47]" name="setcontext6" duration-ms="1" started-at="2022-02-17T14:18:07 CST" finished-at="2022-02-17T14:18:07 CST">
          <params>
            <param index="0">
              <value>
                <![CDATA[org.testng.TestRunner@7a48e6e2]]>
              </value>
            </param>
          </params>
          <reporter-output>
          </reporter-output>
        </test-method> <!-- setcontext6 -->
        <test-method status="FAIL" signature="editSkillTesting(java.lang.String, java.lang.String, java.lang.String)[pri:30, instance:com.orangeHRM.qa.testcases.Qualifiation_MyInfoPageTest@48fa0f47]" name="editSkillTesting" duration-ms="71" started-at="2022-02-17T14:18:07 CST" data-provider="paramName" depends-on-methods="com.orangeHRM.qa.testcases.Qualifiation_MyInfoPageTest.verifyAddSkillTesting" finished-at="2022-02-17T14:18:07 CST">
          <exception class="org.testng.internal.reflect.MethodMatcherException">
            <message>
              <![CDATA[
[public void com.orangeHRM.qa.testcases.Qualifiation_MyInfoPageTest.editSkillTesting(java.lang.String,java.lang.String,java.lang.String) throws java.lang.Exception] has no parameters defined but was found to be using a data provider (either explicitly specified or inherited from class level annotation).
Data provider mismatch
Method: editSkillTesting([Parameter{index=0, type=java.lang.String, declaredAnnotations=[]}, Parameter{index=1, type=java.lang.String, declaredAnnotations=[]}, Parameter{index=2, type=java.lang.String, declaredAnnotations=[]}])
Arguments: [(java.lang.String) sai,(java.lang.String) mani,(java.lang.String) mani@123.com,(java.lang.String) 123456789,(java.lang.String) 1,(java.lang.String) hi,(java.lang.String) no comments to enter,(java.lang.String) 2021-12-02]]]>
            </message>
            <full-stacktrace>
              <![CDATA[org.testng.internal.reflect.MethodMatcherException: 
[public void com.orangeHRM.qa.testcases.Qualifiation_MyInfoPageTest.editSkillTesting(java.lang.String,java.lang.String,java.lang.String) throws java.lang.Exception] has no parameters defined but was found to be using a data provider (either explicitly specified or inherited from class level annotation).
Data provider mismatch
Method: editSkillTesting([Parameter{index=0, type=java.lang.String, declaredAnnotations=[]}, Parameter{index=1, type=java.lang.String, declaredAnnotations=[]}, Parameter{index=2, type=java.lang.String, declaredAnnotations=[]}])
Arguments: [(java.lang.String) sai,(java.lang.String) mani,(java.lang.String) mani@123.com,(java.lang.String) 123456789,(java.lang.String) 1,(java.lang.String) hi,(java.lang.String) no comments to enter,(java.lang.String) 2021-12-02]
at org.testng.internal.reflect.DataProviderMethodMatcher.getConformingArguments(DataProviderMethodMatcher.java:43)
at org.testng.internal.Parameters.injectParameters(Parameters.java:925)
at org.testng.internal.MethodRunner.runInSequence(MethodRunner.java:34)
at org.testng.internal.TestInvoker$MethodInvocationAgent.invoke(TestInvoker.java:804)
at org.testng.internal.TestInvoker.invokeTestMethods(TestInvoker.java:145)
at org.testng.internal.TestMethodWorker.invokeTestMethods(TestMethodWorker.java:146)
at org.testng.internal.TestMethodWorker.run(TestMethodWorker.java:128)
at java.util.ArrayList.forEach(ArrayList.java:1257)
at org.testng.TestRunner.privateRun(TestRunner.java:770)
at org.testng.TestRunner.run(TestRunner.java:591)
at org.testng.SuiteRunner.runTest(SuiteRunner.java:402)
at org.testng.SuiteRunner.runSequentially(SuiteRunner.java:396)
at org.testng.SuiteRunner.privateRun(SuiteRunner.java:355)
at org.testng.SuiteRunner.run(SuiteRunner.java:304)
at org.testng.SuiteRunnerWorker.runSuite(SuiteRunnerWorker.java:53)
at org.testng.SuiteRunnerWorker.run(SuiteRunnerWorker.java:96)
at org.testng.TestNG.runSuitesSequentially(TestNG.java:1180)
at org.testng.TestNG.runSuitesLocally(TestNG.java:1102)
at org.testng.TestNG.runSuites(TestNG.java:1032)
at org.testng.TestNG.run(TestNG.java:1000)
at org.testng.remote.AbstractRemoteTestNG.run(AbstractRemoteTestNG.java:115)
at org.testng.remote.RemoteTestNG.initAndRun(RemoteTestNG.java:251)
at org.testng.remote.RemoteTestNG.main(RemoteTestNG.java:77)
]]>
            </full-stacktrace>
          </exception> <!-- org.testng.internal.reflect.MethodMatcherException -->
          <reporter-output>
          </reporter-output>
        </test-method> <!-- editSkillTesting -->
        <test-method status="PASS" signature="deletingSingle_skill()[pri:31, instance:com.orangeHRM.qa.testcases.Qualifiation_MyInfoPageTest@48fa0f47]" name="deletingSingle_skill" duration-ms="13292" started-at="2022-02-17T14:18:08 CST" depends-on-methods="com.orangeHRM.qa.testcases.Qualifiation_MyInfoPageTest.verifyAddSkillTesting" finished-at="2022-02-17T14:18:21 CST">
          <reporter-output>
          </reporter-output>
        </test-method> <!-- deletingSingle_skill -->
        <test-method status="PASS" signature="deletingall_Skills()[pri:32, instance:com.orangeHRM.qa.testcases.Qualifiation_MyInfoPageTest@48fa0f47]" name="deletingall_Skills" duration-ms="1" started-at="2022-02-17T14:18:21 CST" finished-at="2022-02-17T14:18:21 CST">
          <reporter-output>
          </reporter-output>
        </test-method> <!-- deletingall_Skills -->
        <test-method status="PASS" signature="setcontext10(org.testng.ITestContext)[pri:33, instance:com.orangeHRM.qa.testcases.Qualifiation_MyInfoPageTest@48fa0f47]" name="setcontext10" duration-ms="0" started-at="2022-02-17T14:18:21 CST" finished-at="2022-02-17T14:18:21 CST">
          <params>
            <param index="0">
              <value>
                <![CDATA[org.testng.TestRunner@7a48e6e2]]>
              </value>
            </param>
          </params>
          <reporter-output>
          </reporter-output>
        </test-method> <!-- setcontext10 -->
        <test-method status="SKIP" signature="validateLangaugesSection_Qualification(java.lang.String, java.lang.String, java.lang.String, java.lang.String, java.lang.String, java.lang.String)[pri:34, instance:com.orangeHRM.qa.testcases.Qualifiation_MyInfoPageTest@48fa0f47]" name="validateLangaugesSection_Qualification" duration-ms="0" started-at="2022-02-17T14:18:21 CST" data-provider="paramName" finished-at="2022-02-17T14:18:21 CST">
          <exception class="java.lang.RuntimeException">
            <message>
              <![CDATA[java.lang.ArrayIndexOutOfBoundsException: 5]]>
            </message>
            <full-stacktrace>
              <![CDATA[java.lang.RuntimeException: java.lang.ArrayIndexOutOfBoundsException: 5
at org.testng.internal.MethodInvocationHelper.invokeMethodNoCheckedException(MethodInvocationHelper.java:50)
at org.testng.internal.MethodInvocationHelper.invokeDataProvider(MethodInvocationHelper.java:146)
at org.testng.internal.Parameters.handleParameters(Parameters.java:820)
at org.testng.internal.Parameters.handleParameters(Parameters.java:762)
at org.testng.internal.ParameterHandler.handleParameters(ParameterHandler.java:60)
at org.testng.internal.ParameterHandler.createParameters(ParameterHandler.java:39)
at org.testng.internal.TestInvoker$MethodInvocationAgent.invoke(TestInvoker.java:771)
at org.testng.internal.TestInvoker.invokeTestMethods(TestInvoker.java:145)
at org.testng.internal.TestMethodWorker.invokeTestMethods(TestMethodWorker.java:146)
at org.testng.internal.TestMethodWorker.run(TestMethodWorker.java:128)
at java.util.ArrayList.forEach(ArrayList.java:1257)
at org.testng.TestRunner.privateRun(TestRunner.java:770)
at org.testng.TestRunner.run(TestRunner.java:591)
at org.testng.SuiteRunner.runTest(SuiteRunner.java:402)
at org.testng.SuiteRunner.runSequentially(SuiteRunner.java:396)
at org.testng.SuiteRunner.privateRun(SuiteRunner.java:355)
at org.testng.SuiteRunner.run(SuiteRunner.java:304)
at org.testng.SuiteRunnerWorker.runSuite(SuiteRunnerWorker.java:53)
at org.testng.SuiteRunnerWorker.run(SuiteRunnerWorker.java:96)
at org.testng.TestNG.runSuitesSequentially(TestNG.java:1180)
at org.testng.TestNG.runSuitesLocally(TestNG.java:1102)
at org.testng.TestNG.runSuites(TestNG.java:1032)
at org.testng.TestNG.run(TestNG.java:1000)
at org.testng.remote.AbstractRemoteTestNG.run(AbstractRemoteTestNG.java:115)
at org.testng.remote.RemoteTestNG.initAndRun(RemoteTestNG.java:251)
at org.testng.remote.RemoteTestNG.main(RemoteTestNG.java:77)
Caused by: java.lang.ArrayIndexOutOfBoundsException: 5
at com.orangeHRM.qa.testdata.ExcelReaderWithIndex.readdata(ExcelReaderWithIndex.java:55)
at com.orangeHRM.qa.testdata.ExcelReaderWithIndex.getData(ExcelReaderWithIndex.java:24)
at sun.reflect.GeneratedMethodAccessor7.invoke(Unknown Source)
at sun.reflect.DelegatingMethodAccessorImpl.invoke(DelegatingMethodAccessorImpl.java:43)
at java.lang.reflect.Method.invoke(Method.java:498)
at org.testng.internal.MethodInvocationHelper.invokeMethod(MethodInvocationHelper.java:133)
at org.testng.internal.MethodInvocationHelper.invokeMethod(MethodInvocationHelper.java:77)
at org.testng.internal.MethodInvocationHelper.invokeMethodNoCheckedException(MethodInvocationHelper.java:46)
... 25 more
]]>
            </full-stacktrace>
          </exception> <!-- java.lang.RuntimeException -->
          <reporter-output>
          </reporter-output>
        </test-method> <!-- validateLangaugesSection_Qualification -->
        <test-method status="PASS" signature="mandatoryLicenseFieldValidationLicen()[pri:35, instance:com.orangeHRM.qa.testcases.Qualifiation_MyInfoPageTest@48fa0f47]" name="mandatoryLicenseFieldValidationLicen" duration-ms="379" started-at="2022-02-17T14:18:21 CST" finished-at="2022-02-17T14:18:21 CST">
          <reporter-output>
          </reporter-output>
        </test-method> <!-- mandatoryLicenseFieldValidationLicen -->
        <test-method status="PASS" signature="setcontextLicense(org.testng.ITestContext)[pri:36, instance:com.orangeHRM.qa.testcases.Qualifiation_MyInfoPageTest@48fa0f47]" name="setcontextLicense" duration-ms="0" started-at="2022-02-17T14:18:21 CST" finished-at="2022-02-17T14:18:21 CST">
          <params>
            <param index="0">
              <value>
                <![CDATA[org.testng.TestRunner@7a48e6e2]]>
              </value>
            </param>
          </params>
          <reporter-output>
          </reporter-output>
        </test-method> <!-- setcontextLicense -->
        <test-method status="FAIL" signature="verifyAddLicense(java.lang.String, java.lang.String, java.lang.String, java.lang.String, java.lang.String, java.lang.String, java.lang.String, java.lang.String)[pri:37, instance:com.orangeHRM.qa.testcases.Qualifiation_MyInfoPageTest@48fa0f47]" name="verifyAddLicense" duration-ms="17702" started-at="2022-02-17T14:18:21 CST" data-provider="paramName" finished-at="2022-02-17T14:18:39 CST">
          <params>
            <param index="0">
              <value>
                <![CDATA[CCNA]]>
              </value>
            </param>
            <param index="1">
              <value>
                <![CDATA[23456.0]]>
              </value>
            </param>
            <param index="2">
              <value>
                <![CDATA[2012.0]]>
              </value>
            </param>
            <param index="3">
              <value>
                <![CDATA[11.0]]>
              </value>
            </param>
            <param index="4">
              <value>
                <![CDATA[14.0]]>
              </value>
            </param>
            <param index="5">
              <value>
                <![CDATA[2021.0]]>
              </value>
            </param>
            <param index="6">
              <value>
                <![CDATA[11.0]]>
              </value>
            </param>
            <param index="7">
              <value>
                <![CDATA[16.0]]>
              </value>
            </param>
          </params>
          <exception class="org.openqa.selenium.NoSuchElementException">
            <message>
              <![CDATA[Cannot locate option with value: 2012.0
For documentation on this error, please visit: https://www.seleniumhq.org/exceptions/no_such_element.html
Build info: version: '3.141.59', revision: 'e82be7d358', time: '2018-11-14T08:17:03'
System info: host: 'LAPTOP-0MU7EG7P', ip: '192.168.1.160', os.name: 'Windows 10', os.arch: 'amd64', os.version: '10.0', java.version: '1.8.0_231'
Driver info: driver.version: unknown]]>
            </message>
            <full-stacktrace>
              <![CDATA[org.openqa.selenium.NoSuchElementException: Cannot locate option with value: 2012.0
For documentation on this error, please visit: https://www.seleniumhq.org/exceptions/no_such_element.html
Build info: version: '3.141.59', revision: 'e82be7d358', time: '2018-11-14T08:17:03'
System info: host: 'LAPTOP-0MU7EG7P', ip: '192.168.1.160', os.name: 'Windows 10', os.arch: 'amd64', os.version: '10.0', java.version: '1.8.0_231'
Driver info: driver.version: unknown
at org.openqa.selenium.support.ui.Select.findOptionsByValue(Select.java:283)
at org.openqa.selenium.support.ui.Select.selectByValue(Select.java:186)
at com.orangeHRM.qa.util.DropDownUtil.selectbyvalue(DropDownUtil.java:16)
at com.orangeHRM.qa.testcases.Qualifiation_MyInfoPageTest.verifyAddLicense(Qualifiation_MyInfoPageTest.java:848)
at sun.reflect.NativeMethodAccessorImpl.invoke0(Native Method)
at sun.reflect.NativeMethodAccessorImpl.invoke(NativeMethodAccessorImpl.java:62)
at sun.reflect.DelegatingMethodAccessorImpl.invoke(DelegatingMethodAccessorImpl.java:43)
at java.lang.reflect.Method.invoke(Method.java:498)
at org.testng.internal.MethodInvocationHelper.invokeMethod(MethodInvocationHelper.java:133)
at org.testng.internal.TestInvoker.invokeMethod(TestInvoker.java:584)
at org.testng.internal.TestInvoker.invokeTestMethod(TestInvoker.java:172)
at org.testng.internal.MethodRunner.runInSequence(MethodRunner.java:46)
at org.testng.internal.TestInvoker$MethodInvocationAgent.invoke(TestInvoker.java:804)
at org.testng.internal.TestInvoker.invokeTestMethods(TestInvoker.java:145)
at org.testng.internal.TestMethodWorker.invokeTestMethods(TestMethodWorker.java:146)
at org.testng.internal.TestMethodWorker.run(TestMethodWorker.java:128)
at java.util.ArrayList.forEach(ArrayList.java:1257)
at org.testng.TestRunner.privateRun(TestRunner.java:770)
at org.testng.TestRunner.run(TestRunner.java:591)
at org.testng.SuiteRunner.runTest(SuiteRunner.java:402)
at org.testng.SuiteRunner.runSequentially(SuiteRunner.java:396)
at org.testng.SuiteRunner.privateRun(SuiteRunner.java:355)
at org.testng.SuiteRunner.run(SuiteRunner.java:304)
at org.testng.SuiteRunnerWorker.runSuite(SuiteRunnerWorker.java:53)
at org.testng.SuiteRunnerWorker.run(SuiteRunnerWorker.java:96)
at org.testng.TestNG.runSuitesSequentially(TestNG.java:1180)
at org.testng.TestNG.runSuitesLocally(TestNG.java:1102)
at org.testng.TestNG.runSuites(TestNG.java:1032)
at org.testng.TestNG.run(TestNG.java:1000)
at org.testng.remote.AbstractRemoteTestNG.run(AbstractRemoteTestNG.java:115)
at org.testng.remote.RemoteTestNG.initAndRun(RemoteTestNG.java:251)
at org.testng.remote.RemoteTestNG.main(RemoteTestNG.java:77)
]]>
            </full-stacktrace>
          </exception> <!-- org.openqa.selenium.NoSuchElementException -->
          <reporter-output>
          </reporter-output>
        </test-method> <!-- verifyAddLicense -->
        <test-method status="FAIL" signature="verifyAddLicense(java.lang.String, java.lang.String, java.lang.String, java.lang.String, java.lang.String, java.lang.String, java.lang.String, java.lang.String)[pri:37, instance:com.orangeHRM.qa.testcases.Qualifiation_MyInfoPageTest@48fa0f47]" name="verifyAddLicense" duration-ms="13122" started-at="2022-02-17T14:18:39 CST" data-provider="paramName" finished-at="2022-02-17T14:18:52 CST">
          <params>
            <param index="0">
              <value>
                <![CDATA[MCSE]]>
              </value>
            </param>
            <param index="1">
              <value>
                <![CDATA[98765.0]]>
              </value>
            </param>
            <param index="2">
              <value>
                <![CDATA[2011.0]]>
              </value>
            </param>
            <param index="3">
              <value>
                <![CDATA[10.0]]>
              </value>
            </param>
            <param index="4">
              <value>
                <![CDATA[15.0]]>
              </value>
            </param>
            <param index="5">
              <value>
                <![CDATA[2019.0]]>
              </value>
            </param>
            <param index="6">
              <value>
                <![CDATA[11.0]]>
              </value>
            </param>
            <param index="7">
              <value>
                <![CDATA[12.0]]>
              </value>
            </param>
          </params>
          <exception class="org.openqa.selenium.ElementNotInteractableException">
            <message>
              <![CDATA[element not interactable
  (Session info: chrome=98.0.4758.102)
Build info: version: '3.141.59', revision: 'e82be7d358', time: '2018-11-14T08:17:03'
System info: host: 'LAPTOP-0MU7EG7P', ip: '192.168.1.160', os.name: 'Windows 10', os.arch: 'amd64', os.version: '10.0', java.version: '1.8.0_231'
Driver info: org.openqa.selenium.chrome.ChromeDriver
Capabilities {acceptInsecureCerts: false, browserName: chrome, browserVersion: 98.0.4758.102, chrome: {chromedriverVersion: 98.0.4758.102 (273bf7ac8c90..., userDataDir: C:\Users\vijay\AppData\Loca...}, goog:chromeOptions: {debuggerAddress: localhost:54151}, javascriptEnabled: true, networkConnectionEnabled: false, pageLoadStrategy: normal, platform: WINDOWS, platformName: WINDOWS, proxy: Proxy(), setWindowRect: true, strictFileInteractability: false, timeouts: {implicit: 0, pageLoad: 300000, script: 30000}, unhandledPromptBehavior: dismiss and notify, webauthn:extension:credBlob: true, webauthn:extension:largeBlob: true, webauthn:virtualAuthenticators: true}
Session ID: d3681b366d849512eac22f2bc79193d5]]>
            </message>
            <full-stacktrace>
              <![CDATA[org.openqa.selenium.ElementNotInteractableException: element not interactable
  (Session info: chrome=98.0.4758.102)
Build info: version: '3.141.59', revision: 'e82be7d358', time: '2018-11-14T08:17:03'
System info: host: 'LAPTOP-0MU7EG7P', ip: '192.168.1.160', os.name: 'Windows 10', os.arch: 'amd64', os.version: '10.0', java.version: '1.8.0_231'
Driver info: org.openqa.selenium.chrome.ChromeDriver
Capabilities {acceptInsecureCerts: false, browserName: chrome, browserVersion: 98.0.4758.102, chrome: {chromedriverVersion: 98.0.4758.102 (273bf7ac8c90..., userDataDir: C:\Users\vijay\AppData\Loca...}, goog:chromeOptions: {debuggerAddress: localhost:54151}, javascriptEnabled: true, networkConnectionEnabled: false, pageLoadStrategy: normal, platform: WINDOWS, platformName: WINDOWS, proxy: Proxy(), setWindowRect: true, strictFileInteractability: false, timeouts: {implicit: 0, pageLoad: 300000, script: 30000}, unhandledPromptBehavior: dismiss and notify, webauthn:extension:credBlob: true, webauthn:extension:largeBlob: true, webauthn:virtualAuthenticators: true}
Session ID: d3681b366d849512eac22f2bc79193d5
at sun.reflect.NativeConstructorAccessorImpl.newInstance0(Native Method)
at sun.reflect.NativeConstructorAccessorImpl.newInstance(NativeConstructorAccessorImpl.java:62)
at sun.reflect.DelegatingConstructorAccessorImpl.newInstance(DelegatingConstructorAccessorImpl.java:45)
at java.lang.reflect.Constructor.newInstance(Constructor.java:423)
at org.openqa.selenium.remote.http.W3CHttpResponseCodec.createException(W3CHttpResponseCodec.java:187)
at org.openqa.selenium.remote.http.W3CHttpResponseCodec.decode(W3CHttpResponseCodec.java:122)
at org.openqa.selenium.remote.http.W3CHttpResponseCodec.decode(W3CHttpResponseCodec.java:49)
at org.openqa.selenium.remote.HttpCommandExecutor.execute(HttpCommandExecutor.java:158)
at org.openqa.selenium.remote.service.DriverCommandExecutor.execute(DriverCommandExecutor.java:83)
at org.openqa.selenium.remote.RemoteWebDriver.execute(RemoteWebDriver.java:552)
at org.openqa.selenium.remote.RemoteWebElement.execute(RemoteWebElement.java:285)
at org.openqa.selenium.remote.RemoteWebElement.click(RemoteWebElement.java:84)
at com.orangeHRM.qa.testcases.Qualifiation_MyInfoPageTest.verifyAddLicense(Qualifiation_MyInfoPageTest.java:834)
at sun.reflect.NativeMethodAccessorImpl.invoke0(Native Method)
at sun.reflect.NativeMethodAccessorImpl.invoke(NativeMethodAccessorImpl.java:62)
at sun.reflect.DelegatingMethodAccessorImpl.invoke(DelegatingMethodAccessorImpl.java:43)
at java.lang.reflect.Method.invoke(Method.java:498)
at org.testng.internal.MethodInvocationHelper.invokeMethod(MethodInvocationHelper.java:133)
at org.testng.internal.TestInvoker.invokeMethod(TestInvoker.java:584)
at org.testng.internal.TestInvoker.invokeTestMethod(TestInvoker.java:172)
at org.testng.internal.MethodRunner.runInSequence(MethodRunner.java:46)
at org.testng.internal.TestInvoker$MethodInvocationAgent.invoke(TestInvoker.java:804)
at org.testng.internal.TestInvoker.invokeTestMethods(TestInvoker.java:145)
at org.testng.internal.TestMethodWorker.invokeTestMethods(TestMethodWorker.java:146)
at org.testng.internal.TestMethodWorker.run(TestMethodWorker.java:128)
at java.util.ArrayList.forEach(ArrayList.java:1257)
at org.testng.TestRunner.privateRun(TestRunner.java:770)
at org.testng.TestRunner.run(TestRunner.java:591)
at org.testng.SuiteRunner.runTest(SuiteRunner.java:402)
at org.testng.SuiteRunner.runSequentially(SuiteRunner.java:396)
at org.testng.SuiteRunner.privateRun(SuiteRunner.java:355)
at org.testng.SuiteRunner.run(SuiteRunner.java:304)
at org.testng.SuiteRunnerWorker.runSuite(SuiteRunnerWorker.java:53)
at org.testng.SuiteRunnerWorker.run(SuiteRunnerWorker.java:96)
at org.testng.TestNG.runSuitesSequentially(TestNG.java:1180)
at org.testng.TestNG.runSuitesLocally(TestNG.java:1102)
at org.testng.TestNG.runSuites(TestNG.java:1032)
at org.testng.TestNG.run(TestNG.java:1000)
at org.testng.remote.AbstractRemoteTestNG.run(AbstractRemoteTestNG.java:115)
at org.testng.remote.RemoteTestNG.initAndRun(RemoteTestNG.java:251)
at org.testng.remote.RemoteTestNG.main(RemoteTestNG.java:77)
]]>
            </full-stacktrace>
          </exception> <!-- org.openqa.selenium.ElementNotInteractableException -->
          <reporter-output>
          </reporter-output>
        </test-method> <!-- verifyAddLicense -->
        <test-method status="PASS" signature="tableValidatingLicense()[pri:38, instance:com.orangeHRM.qa.testcases.Qualifiation_MyInfoPageTest@48fa0f47]" name="tableValidatingLicense" duration-ms="341" started-at="2022-02-17T14:18:53 CST" finished-at="2022-02-17T14:18:53 CST">
          <reporter-output>
          </reporter-output>
        </test-method> <!-- tableValidatingLicense -->
        <test-method status="PASS" signature="setcontextLicenseEdit(org.testng.ITestContext)[pri:39, instance:com.orangeHRM.qa.testcases.Qualifiation_MyInfoPageTest@48fa0f47]" name="setcontextLicenseEdit" duration-ms="1" started-at="2022-02-17T14:18:53 CST" finished-at="2022-02-17T14:18:53 CST">
          <params>
            <param index="0">
              <value>
                <![CDATA[org.testng.TestRunner@7a48e6e2]]>
              </value>
            </param>
[...]
          <params>
            <param index="0">
              <value>
                <![CDATA[org.testng.TestRunner@7a48e6e2]]>
              </value>
            </param>
          </params>
          <reporter-output>
          </reporter-output>
        </test-method> <!-- testcontext -->
        <test-method status="PASS" signature="configurationTimeTesting()[pri:4, instance:com.orangeHRM.qa.testcases.ConfigurationTimePageTest@5dd6264]" name="configurationTimeTesting" duration-ms="6" started-at="2022-02-17T14:15:21 CST" finished-at="2022-02-17T14:15:21 CST">
          <reporter-output>
          </reporter-output>
        </test-method> <!-- configurationTimeTesting -->
        <test-method status="PASS" signature="close()[pri:0, instance:com.orangeHRM.qa.testcases.ConfigurationTimePageTest@5dd6264]" name="close" is-config="true" duration-ms="117" started-at="2022-02-17T14:15:21 CST" finished-at="2022-02-17T14:15:21 CST">
          <reporter-output>
          </reporter-output>
        </test-method> <!-- close -->
      </class> <!-- com.orangeHRM.qa.testcases.ConfigurationTimePageTest -->
      <class name="com.orangeHRM.qa.testcases.PIMPageTest">
        <test-method status="PASS" signature="initialise()[pri:0, instance:com.orangeHRM.qa.testcases.PIMPageTest@5276e6b0]" name="initialise" is-config="true" duration-ms="1773" started-at="2022-02-17T14:13:39 CST" finished-at="2022-02-17T14:13:40 CST">
          <reporter-output>
          </reporter-output>
        </test-method> <!-- initialise -->
        <test-method status="PASS" signature="loadUrl()[pri:0, instance:com.orangeHRM.qa.testcases.PIMPageTest@5276e6b0]" name="loadUrl" is-config="true" duration-ms="1255" started-at="2022-02-17T14:13:40 CST" finished-at="2022-02-17T14:13:42 CST">
          <reporter-output>
          </reporter-output>
        </test-method> <!-- loadUrl -->
        <test-method status="PASS" signature="verifyPIMPageNavigation()[pri:0, instance:com.orangeHRM.qa.testcases.PIMPageTest@5276e6b0]" name="verifyPIMPageNavigation" is-config="true" duration-ms="4556" started-at="2022-02-17T14:13:42 CST" finished-at="2022-02-17T14:13:46 CST">
          <reporter-output>
          </reporter-output>
        </test-method> <!-- verifyPIMPageNavigation -->
        <test-method status="PASS" signature="testcontext(org.testng.ITestContext)[pri:0, instance:com.orangeHRM.qa.testcases.PIMPageTest@5276e6b0]" name="testcontext" is-config="true" duration-ms="0" started-at="2022-02-17T14:13:42 CST" finished-at="2022-02-17T14:13:42 CST">
          <params>
            <param index="0">
              <value>
                <![CDATA[org.testng.TestRunner@7a48e6e2]]>
              </value>
            </param>
          </params>
          <reporter-output>
          </reporter-output>
        </test-method> <!-- testcontext -->
        <test-method status="PASS" signature="validatingPIMSubMenuDisplay()[pri:0, instance:com.orangeHRM.qa.testcases.PIMPageTest@5276e6b0]" name="validatingPIMSubMenuDisplay" duration-ms="819" started-at="2022-02-17T14:13:46 CST" finished-at="2022-02-17T14:13:47 CST">
          <reporter-output>
          </reporter-output>
        </test-method> <!-- validatingPIMSubMenuDisplay -->
        <test-method status="PASS" signature="verifyColorsOfSubmenuInPim()[pri:1, instance:com.orangeHRM.qa.testcases.PIMPageTest@5276e6b0]" name="verifyColorsOfSubmenuInPim" duration-ms="1153" started-at="2022-02-17T14:13:47 CST" finished-at="2022-02-17T14:13:48 CST">
          <reporter-output>
          </reporter-output>
        </test-method> <!-- verifyColorsOfSubmenuInPim -->
        <test-method status="PASS" signature="navigatingToSubMenuOnClickingPIM()[pri:0, instance:com.orangeHRM.qa.testcases.PIMPageTest@5276e6b0]" name="navigatingToSubMenuOnClickingPIM" is-config="true" duration-ms="754" started-at="2022-02-17T14:13:48 CST" finished-at="2022-02-17T14:13:49 CST">
          <reporter-output>
          </reporter-output>
        </test-method> <!-- navigatingToSubMenuOnClickingPIM -->
        <test-method status="PASS" signature="close()[pri:0, instance:com.orangeHRM.qa.testcases.PIMPageTest@5276e6b0]" name="close" is-config="true" duration-ms="104" started-at="2022-02-17T14:13:49 CST" finished-at="2022-02-17T14:13:49 CST">
          <reporter-output>
          </reporter-output>
        </test-method> <!-- close -->
      </class> <!-- com.orangeHRM.qa.testcases.PIMPageTest -->
      <class name="com.orangeHRM.qa.testcases.ConfigurationAdminPageTest">
        <test-method status="PASS" signature="initialise()[pri:0, instance:com.orangeHRM.qa.testcases.ConfigurationAdminPageTest@1f3f4916]" name="initialise" is-config="true" duration-ms="1638" started-at="2022-02-17T14:23:02 CST" finished-at="2022-02-17T14:23:04 CST">
          <reporter-output>
          </reporter-output>
        </test-method> <!-- initialise -->
        <test-method status="PASS" signature="loadUrl()[pri:0, instance:com.orangeHRM.qa.testcases.ConfigurationAdminPageTest@1f3f4916]" name="loadUrl" is-config="true" duration-ms="1099" started-at="2022-02-17T14:23:04 CST" finished-at="2022-02-17T14:23:05 CST">
          <reporter-output>
          </reporter-output>
        </test-method> <!-- loadUrl -->
        <test-method status="PASS" signature="testcontext(org.testng.ITestContext)[pri:0, instance:com.orangeHRM.qa.testcases.ConfigurationAdminPageTest@1f3f4916]" name="testcontext" is-config="true" duration-ms="0" started-at="2022-02-17T14:23:05 CST" finished-at="2022-02-17T14:23:05 CST">
          <params>
            <param index="0">
              <value>
                <![CDATA[org.testng.TestRunner@7a48e6e2]]>
              </value>
            </param>
          </params>
          <reporter-output>
          </reporter-output>
        </test-method> <!-- testcontext -->
        <test-method status="PASS" signature="verifyConfigurationAdminPageNavigation()[pri:0, instance:com.orangeHRM.qa.testcases.ConfigurationAdminPageTest@1f3f4916]" name="verifyConfigurationAdminPageNavigation" is-config="true" duration-ms="3425" started-at="2022-02-17T14:23:05 CST" finished-at="2022-02-17T14:23:08 CST">
          <reporter-output>
          </reporter-output>
        </test-method> <!-- verifyConfigurationAdminPageNavigation -->
        <test-method status="PASS" signature="validatingUserManagementSubMenuDisplay()[pri:2, instance:com.orangeHRM.qa.testcases.ConfigurationAdminPageTest@1f3f4916]" name="validatingUserManagementSubMenuDisplay" duration-ms="715" started-at="2022-02-17T14:23:08 CST" finished-at="2022-02-17T14:23:09 CST">
          <reporter-output>
          </reporter-output>
        </test-method> <!-- validatingUserManagementSubMenuDisplay -->
        <test-method status="PASS" signature="configurationAdminTesting()[pri:3, instance:com.orangeHRM.qa.testcases.ConfigurationAdminPageTest@1f3f4916]" name="configurationAdminTesting" duration-ms="0" started-at="2022-02-17T14:23:09 CST" finished-at="2022-02-17T14:23:09 CST">
          <reporter-output>
          </reporter-output>
        </test-method> <!-- configurationAdminTesting -->
        <test-method status="PASS" signature="close()[pri:0, instance:com.orangeHRM.qa.testcases.ConfigurationAdminPageTest@1f3f4916]" name="close" is-config="true" duration-ms="145" started-at="2022-02-17T14:23:09 CST" finished-at="2022-02-17T14:23:09 CST">
          <reporter-output>
          </reporter-output>
        </test-method> <!-- close -->
      </class> <!-- com.orangeHRM.qa.testcases.ConfigurationAdminPageTest -->
      <class name="com.orangeHRM.qa.testcases.KPIsPageTest">
        <test-method status="PASS" signature="initialise()[pri:0, instance:com.orangeHRM.qa.testcases.KPIsPageTest@647fd8ce]" name="initialise" is-config="true" duration-ms="1648" started-at="2022-02-17T14:14:51 CST" finished-at="2022-02-17T14:14:52 CST">
          <reporter-output>
          </reporter-output>
        </test-method> <!-- initialise -->
        <test-method status="PASS" signature="loadUrl()[pri:0, instance:com.orangeHRM.qa.testcases.KPIsPageTest@647fd8ce]" name="loadUrl" is-config="true" duration-ms="1138" started-at="2022-02-17T14:14:52 CST" finished-at="2022-02-17T14:14:54 CST">
          <reporter-output>
          </reporter-output>
        </test-method> <!-- loadUrl -->
        <test-method status="PASS" signature="testcontext(org.testng.ITestContext)[pri:0, instance:com.orangeHRM.qa.testcases.KPIsPageTest@647fd8ce]" name="testcontext" is-config="true" duration-ms="0" started-at="2022-02-17T14:14:54 CST" finished-at="2022-02-17T14:14:54 CST">
          <params>
            <param index="0">
              <value>
                <![CDATA[org.testng.TestRunner@7a48e6e2]]>
              </value>
            </param>
          </params>
          <reporter-output>
          </reporter-output>
        </test-method> <!-- testcontext -->
        <test-method status="PASS" signature="verifyKPIsPageNavigation()[pri:0, instance:com.orangeHRM.qa.testcases.KPIsPageTest@647fd8ce]" name="verifyKPIsPageNavigation" is-config="true" duration-ms="3211" started-at="2022-02-17T14:14:54 CST" finished-at="2022-02-17T14:14:57 CST">
          <reporter-output>
          </reporter-output>
        </test-method> <!-- verifyKPIsPageNavigation -->
        <test-method status="PASS" signature="kPIsTesting()[pri:4, instance:com.orangeHRM.qa.testcases.KPIsPageTest@647fd8ce]" name="kPIsTesting" duration-ms="1" started-at="2022-02-17T14:14:57 CST" finished-at="2022-02-17T14:14:57 CST">
          <reporter-output>
          </reporter-output>
        </test-method> <!-- kPIsTesting -->
        <test-method status="PASS" signature="close()[pri:0, instance:com.orangeHRM.qa.testcases.KPIsPageTest@647fd8ce]" name="close" is-config="true" duration-ms="138" started-at="2022-02-17T14:14:57 CST" finished-at="2022-02-17T14:14:57 CST">
          <reporter-output>
          </reporter-output>
        </test-method> <!-- close -->
      </class> <!-- com.orangeHRM.qa.testcases.KPIsPageTest -->
      <class name="com.orangeHRM.qa.testcases.AddEntitlementPageTest">
        <test-method status="PASS" signature="initialise()[pri:0, instance:com.orangeHRM.qa.testcases.AddEntitlementPageTest@419c5f1a]" name="initialise" is-config="true" duration-ms="1653" started-at="2022-02-17T14:13:10 CST" finished-at="2022-02-17T14:13:11 CST">
          <reporter-output>
          </reporter-output>
        </test-method> <!-- initialise -->
        <test-method status="PASS" signature="loadUrl()[pri:0, instance:com.orangeHRM.qa.testcases.AddEntitlementPageTest@419c5f1a]" name="loadUrl" is-config="true" duration-ms="1134" started-at="2022-02-17T14:13:11 CST" finished-at="2022-02-17T14:13:12 CST">
          <reporter-output>
          </reporter-output>
        </test-method> <!-- loadUrl -->
        <test-method status="PASS" signature="testcontext(org.testng.ITestContext)[pri:0, instance:com.orangeHRM.qa.testcases.AddEntitlementPageTest@419c5f1a]" name="testcontext" is-config="true" duration-ms="0" started-at="2022-02-17T14:13:12 CST" finished-at="2022-02-17T14:13:12 CST">
          <params>
            <param index="0">
              <value>
                <![CDATA[org.testng.TestRunner@7a48e6e2]]>
              </value>
            </param>
          </params>
          <reporter-output>
          </reporter-output>
        </test-method> <!-- testcontext -->
        <test-method status="PASS" signature="verifyEmployemployeeEntitlementsPageNavigation()[pri:0, instance:com.orangeHRM.qa.testcases.AddEntitlementPageTest@419c5f1a]" name="verifyEmployemployeeEntitlementsPageNavigation" is-config="true" duration-ms="4718" started-at="2022-02-17T14:13:12 CST" finished-at="2022-02-17T14:13:17 CST">
          <reporter-output>
          </reporter-output>
        </test-method> <!-- verifyEmployemployeeEntitlementsPageNavigation -->
        <test-method status="PASS" signature="addEntitlement()[pri:0, instance:com.orangeHRM.qa.testcases.AddEntitlementPageTest@419c5f1a]" name="addEntitlement" duration-ms="1" started-at="2022-02-17T14:13:17 CST" finished-at="2022-02-17T14:13:17 CST">
          <reporter-output>
          </reporter-output>
        </test-method> <!-- addEntitlement -->
        <test-method status="PASS" signature="setcontext(org.testng.ITestContext)[pri:3, instance:com.orangeHRM.qa.testcases.AddEntitlementPageTest@419c5f1a]" name="setcontext" duration-ms="2" started-at="2022-02-17T14:13:17 CST" finished-at="2022-02-17T14:13:17 CST">
          <params>
            <param index="0">
              <value>
                <![CDATA[org.testng.TestRunner@7a48e6e2]]>
              </value>
            </param>
          </params>
          <reporter-output>
          </reporter-output>
        </test-method> <!-- setcontext -->
        <test-method status="PASS" signature="verifyAddEntitlementsTestPage(java.lang.String, java.lang.String)[pri:4, instance:com.orangeHRM.qa.testcases.AddEntitlementPageTest@419c5f1a]" name="verifyAddEntitlementsTestPage" duration-ms="7132" started-at="2022-02-17T14:13:17 CST" data-provider="paramName" finished-at="2022-02-17T14:13:24 CST">
          <params>
            <param index="0">
              <value>
                <![CDATA[Anthony Nolan]]>
              </value>
            </param>
            <param index="1">
              <value>
                <![CDATA[365.0]]>
              </value>
            </param>
          </params>
          <reporter-output>
          </reporter-output>
        </test-method> <!-- verifyAddEntitlementsTestPage -->
        <test-method status="PASS" signature="close()[pri:0, instance:com.orangeHRM.qa.testcases.AddEntitlementPageTest@419c5f1a]" name="close" is-config="true" duration-ms="160" started-at="2022-02-17T14:13:24 CST" finished-at="2022-02-17T14:13:25 CST">
          <reporter-output>
          </reporter-output>
        </test-method> <!-- close -->
      </class> <!-- com.orangeHRM.qa.testcases.AddEntitlementPageTest -->
      <class name="com.orangeHRM.qa.testcases.TimeSheetsPageTest">
        <test-method status="PASS" signature="initialise()[pri:0, instance:com.orangeHRM.qa.testcases.TimeSheetsPageTest@18ce0030]" name="initialise" is-config="true" duration-ms="1581" started-at="2022-02-17T14:09:52 CST" finished-at="2022-02-17T14:09:53 CST">
          <reporter-output>
          </reporter-output>
        </test-method> <!-- initialise -->
        <test-method status="PASS" signature="loadUrl()[pri:0, instance:com.orangeHRM.qa.testcases.TimeSheetsPageTest@18ce0030]" name="loadUrl" is-config="true" duration-ms="1402" started-at="2022-02-17T14:09:53 CST" finished-at="2022-02-17T14:09:55 CST">
          <reporter-output>
          </reporter-output>
        </test-method> <!-- loadUrl -->
        <test-method status="PASS" signature="testcontext(org.testng.ITestContext)[pri:0, instance:com.orangeHRM.qa.testcases.TimeSheetsPageTest@18ce0030]" name="testcontext" is-config="true" duration-ms="1" started-at="2022-02-17T14:09:55 CST" finished-at="2022-02-17T14:09:55 CST">
          <params>
            <param index="0">
              <value>
                <![CDATA[org.testng.TestRunner@7a48e6e2]]>
              </value>
            </param>
          </params>
          <reporter-output>
          </reporter-output>
        </test-method> <!-- testcontext -->
        <test-method status="PASS" signature="verifyTimeSheetsPageNavigation()[pri:0, instance:com.orangeHRM.qa.testcases.TimeSheetsPageTest@18ce0030]" name="verifyTimeSheetsPageNavigation" is-config="true" duration-ms="3398" started-at="2022-02-17T14:09:55 CST" finished-at="2022-02-17T14:09:58 CST">
          <reporter-output>
          </reporter-output>
        </test-method> <!-- verifyTimeSheetsPageNavigation -->
        <test-method status="PASS" signature="validatingTimeSheetsSubMenuDisplay()[pri:2, instance:com.orangeHRM.qa.testcases.TimeSheetsPageTest@18ce0030]" name="validatingTimeSheetsSubMenuDisplay" duration-ms="322" started-at="2022-02-17T14:09:58 CST" finished-at="2022-02-17T14:09:58 CST">
          <reporter-output>
          </reporter-output>
        </test-method> <!-- validatingTimeSheetsSubMenuDisplay -->
        <test-method status="PASS" signature="timeSheetsTesting()[pri:3, instance:com.orangeHRM.qa.testcases.TimeSheetsPageTest@18ce0030]" name="timeSheetsTesting" duration-ms="0" started-at="2022-02-17T14:09:58 CST" finished-at="2022-02-17T14:09:58 CST">
          <reporter-output>
          </reporter-output>
        </test-method> <!-- timeSheetsTesting -->
        <test-method status="PASS" signature="close()[pri:0, instance:com.orangeHRM.qa.testcases.TimeSheetsPageTest@18ce0030]" name="close" is-config="true" duration-ms="126" started-at="2022-02-17T14:09:58 CST" finished-at="2022-02-17T14:09:58 CST">
          <reporter-output>
          </reporter-output>
        </test-method> <!-- close -->
      </class> <!-- com.orangeHRM.qa.testcases.TimeSheetsPageTest -->
      <class name="com.orangeHRM.qa.testcases.ReportingMethodsPIMPageTest">
        <test-method status="PASS" signature="initialise()[pri:0, instance:com.orangeHRM.qa.testcases.ReportingMethodsPIMPageTest@43301423]" name="initialise" is-config="true" duration-ms="1586" started-at="2022-02-17T14:12:09 CST" finished-at="2022-02-17T14:12:11 CST">
          <reporter-output>
          </reporter-output>
        </test-method> <!-- initialise -->
        <test-method status="PASS" signature="loadUrl()[pri:0, instance:com.orangeHRM.qa.testcases.ReportingMethodsPIMPageTest@43301423]" name="loadUrl" is-config="true" duration-ms="1152" started-at="2022-02-17T14:12:11 CST" finished-at="2022-02-17T14:12:12 CST">
          <reporter-output>
          </reporter-output>
        </test-method> <!-- loadUrl -->
        <test-method status="PASS" signature="testcontext(org.testng.ITestContext)[pri:0, instance:com.orangeHRM.qa.testcases.ReportingMethodsPIMPageTest@43301423]" name="testcontext" is-config="true" duration-ms="0" started-at="2022-02-17T14:12:12 CST" finished-at="2022-02-17T14:12:12 CST">
          <params>
            <param index="0">
              <value>
                <![CDATA[org.testng.TestRunner@7a48e6e2]]>
              </value>
            </param>
          </params>
          <reporter-output>
          </reporter-output>
        </test-method> <!-- testcontext -->
        <test-method status="PASS" signature="verifyReportingMethodsPIMPageNavigation()[pri:0, instance:com.orangeHRM.qa.testcases.ReportingMethodsPIMPageTest@43301423]" name="verifyReportingMethodsPIMPageNavigation" is-config="true" duration-ms="4200" started-at="2022-02-17T14:12:12 CST" finished-at="2022-02-17T14:12:16 CST">
          <reporter-output>
          </reporter-output>
        </test-method> <!-- verifyReportingMethodsPIMPageNavigation -->
        <test-method status="PASS" signature="reportingMethodsPIMTesting()[pri:4, instance:com.orangeHRM.qa.testcases.ReportingMethodsPIMPageTest@43301423]" name="reportingMethodsPIMTesting" duration-ms="0" started-at="2022-02-17T14:12:16 CST" finished-at="2022-02-17T14:12:16 CST">
          <reporter-output>
          </reporter-output>
        </test-method> <!-- reportingMethodsPIMTesting -->
        <test-method status="PASS" signature="close()[pri:0, instance:com.orangeHRM.qa.testcases.ReportingMethodsPIMPageTest@43301423]" name="close" is-config="true" duration-ms="4166" started-at="2022-02-17T14:12:16 CST" finished-at="2022-02-17T14:12:21 CST">
          <reporter-output>
          </reporter-output>
        </test-method> <!-- close -->
      </class> <!-- com.orangeHRM.qa.testcases.ReportingMethodsPIMPageTest -->
    </test> <!-- Test -->
  </suite> <!-- Suite -->
</testng-results>
