<?xml version="1.0" encoding="UTF-8"?>
<!-- Generated by org.testng.reporters.JUnitReportReporter -->
<testsuite skipped="0" hostname="LAPTOP-0MU7EG7P" name="com.orangeHRM.qa.testcases.TimePageTest" tests="3" failures="0" timestamp="2022-02-17T14:35:54 CST" time="1.867" errors="0">
  <testcase name="validatingTimeSubMenuDisplay" time="0.783" classname="com.orangeHRM.qa.testcases.TimePageTest"/>
  <testcase name="timeTesting" time="0.000" classname="com.orangeHRM.qa.testcases.TimePageTest"/>
  <testcase name="verifyColorsOfSubmenuInTime" time="1.084" classname="com.orangeHRM.qa.testcases.TimePageTest"/>
</testsuite> <!-- com.orangeHRM.qa.testcases.TimePageTest -->
